All .csv files have been loaded successfully.


Simulation Parameters:
------------------------------------------------------
Initial Time: 05:30:00
Period Length: 5 minutes
Total Operation Hours: 6 hours

Minimum Number of Crew Breaks (nc): 1
Crew Break Duration (Dc): 30 minutes
Maximum Separation Time for Crew Breaks (Tc): 360 minutes

Charging Rate (rv_plus): 15.90% per period
Plugging/Unplugging Time (pc): 1 minutes
------------------------------------------------------

Vset, Wset, Tset, Jset, and Dset have been defined.

Using license file /usr/local/gurobi/9.1.2/gurobi.lic
Set parameter TokenServer to value gurobi.lic.sydney.edu.au
All results matrices have been loaded from files with prefix "6htest_new_cyclelines".

Results loaded successfully.

All constraintrs are ready.

Starting optimization with 0 variables and 0 constraints.

Parameter OutputFlag unchanged
   Value: 1  Min: 0  Max: 1  Default: 1
Changed value of parameter InfUnbdInfo to 1
   Prev: 0  Min: 0  Max: 1  Default: 0
Changed value of parameter Presolve to 1
   Prev: -1  Min: -1  Max: 2  Default: -1
Changed value of parameter ScaleFlag to 0
   Prev: -1  Min: -1  Max: 3  Default: -1
Changed value of parameter NumericFocus to 3
   Prev: 0  Min: 0  Max: 3  Default: 0
Changed value of parameter Method to 2
   Prev: -1  Min: -1  Max: 5  Default: -1
Changed value of parameter TimeLimit to 86400.0
   Prev: inf  Min: 0.0  Max: inf  Default: inf
Gurobi Optimizer version 9.1.2 build v9.1.2rc0 (linux64)
Thread count: 32 physical cores, 32 logical processors, using up to 32 threads
Optimize a model with 170120 rows, 84643 columns and 17182937 nonzeros
Model fingerprint: 0x8ee458d0
Model has 1728 quadratic constraints
Variable types: 1368 continuous, 83275 integer (83275 binary)
Coefficient statistics:
  Matrix range     [3e-03, 4e+03]
  QMatrix range    [1e+00, 1e+00]
  QLMatrix range   [1e+00, 1e+00]
  Objective range  [6e-04, 5e-02]
  Bounds range     [1e+00, 1e+00]
  RHS range        [3e-02, 4e+03]
  QRHS range       [1e+00, 2e+00]

User MIP start produced solution with objective 1 (4.68s)
Loaded user MIP start with objective 1
Processed MIP start in 4.72 seconds

Presolve removed 34689 rows and 19156 columns (presolve time = 6s) ...
Presolve removed 34704 rows and 19540 columns (presolve time = 10s) ...
Presolve removed 41803 rows and 24905 columns (presolve time = 17s) ...
Presolve removed 42630 rows and 24907 columns (presolve time = 20s) ...
Presolve removed 43525 rows and 25705 columns (presolve time = 25s) ...
Presolve removed 49642 rows and 25705 columns (presolve time = 33s) ...
Presolve removed 49678 rows and 25741 columns (presolve time = 35s) ...
Presolve removed 90867 rows and 25741 columns (presolve time = 40s) ...
Presolve removed 94297 rows and 29181 columns (presolve time = 45s) ...
Presolve removed 94297 rows and 29181 columns (presolve time = 51s) ...
Presolve removed 88770 rows and 25297 columns
Presolve time: 50.66s
Presolved: 81350 rows, 59346 columns, 4746663 nonzeros
Variable types: 1311 continuous, 58035 integer (57617 binary)
Root barrier log...

Elapsed ordering time = 5s
Ordering time: 9.08s

Barrier statistics:
 AA' NZ     : 3.204e+07
 Factor NZ  : 1.088e+08 (roughly 1.0 GBytes of memory)
 Factor Ops : 1.892e+11 (roughly 1 second per iteration)
 Threads    : 32

                  Objective                Residual
Iter       Primal          Dual         Primal    Dual     Compl     Time
   0  -9.97995731e+04 -1.72060715e+06  4.98e+05 8.93e-03  5.17e+05    73s
   1  -8.43136333e+04 -1.38514573e+07  4.20e+05 3.79e+02  4.27e+05    74s
   2  -4.09355846e+04 -3.04825896e+07  2.03e+05 1.32e+02  2.13e+05    75s
   3  -2.24899472e+04 -3.70796602e+07  1.11e+05 7.46e+01  1.19e+05    76s
   4  -1.10237857e+04 -4.38266831e+07  5.38e+04 3.18e+01  5.93e+04    77s
   5  -5.23846986e+03 -4.96533436e+07  2.56e+04 8.28e+00  2.85e+04    78s
   6  -9.63775322e+02 -5.14086524e+07  4.70e+03 1.48e-12  5.43e+03    79s
   7  -3.85157813e+02 -4.28595088e+07  1.87e+03 1.71e-12  2.14e+03    80s
   8  -1.88287964e+02 -3.22177686e+07  8.99e+02 1.14e-12  1.03e+03    81s
   9  -1.00944335e+02 -2.10641854e+07  4.69e+02 1.08e-12  5.34e+02    82s
  10  -4.40654310e+01 -1.25212754e+07  1.68e+02 8.53e-13  2.47e+02    83s
  11  -2.39426849e+01 -8.56952811e+06  6.21e+01 5.12e-13  1.39e+02    83s
  12  -1.75965683e+01 -6.02026315e+06  3.73e+01 4.55e-13  9.72e+01    84s
  13  -1.31604200e+01 -4.37823736e+06  2.82e+01 4.55e-13  6.92e+01    85s
  14  -7.47323221e+00 -2.64794056e+06  1.64e+01 3.41e-13  3.79e+01    86s
  15  -1.90700642e+00 -1.60291930e+06  4.95e+00 3.41e-13  1.46e+01    87s
  16  -4.24761929e-01 -8.88338431e+05  1.89e+00 2.27e-13  6.50e+00    88s
  17   8.75510576e-02 -3.59860699e+05  8.30e-01 1.23e-13  2.46e+00    89s
  18   3.28846123e-01 -1.60300558e+05  3.33e-01 6.39e-14  1.04e+00    90s
  19   4.46174797e-01 -5.02114596e+04  9.15e-02 4.97e-14  2.99e-01    91s
  20   4.76166208e-01 -1.51369161e+04  2.97e-02 2.62e-14  8.66e-02    92s
  21   4.87033028e-01 -2.95821613e+03  7.21e-03 1.65e-14  1.70e-02    93s
  22   4.89904649e-01 -3.25274481e+02  1.24e-03 2.62e-15  2.00e-03    94s
  23   4.90358261e-01 -3.46617741e+01  1.28e-04 3.52e-16  2.14e-04    95s
  24   4.89827926e-01 -5.73871272e+00  1.28e-05 6.11e-17  3.50e-05    96s
  25   4.87530001e-01 -1.80425436e+00  1.33e-06 2.18e-17  1.19e-05    97s
  26   4.85435312e-01 -5.78529587e-02  6.64e-07 6.94e-18  2.93e-06    98s
  27   4.80011906e-01  3.61336461e-01  1.36e-07 5.18e-12  6.39e-07   101s
  28   4.78097422e-01  4.39013397e-01  6.99e-08 5.34e-12  2.18e-07   102s
  29   4.76425665e-01  4.71736702e-01  1.20e-08 5.22e-12  2.74e-08   104s
  30   4.76037672e-01  4.75563067e-01  1.21e-09 5.22e-12  2.77e-09   105s
  31   4.75998686e-01  4.75951183e-01  1.20e-10 3.59e-12  2.77e-10   107s
  32   4.75994750e-01  4.75990000e-01  1.20e-11 1.15e-11  2.77e-11   108s
  33   4.75994357e-01  4.75993880e-01  1.45e-12 5.86e-12  2.78e-12   109s
  34   4.75994317e-01  4.75994270e-01  2.86e-12 7.14e-12  2.81e-13   110s
  35   4.75994313e-01  4.75994308e-01  1.25e-12 1.16e-11  3.01e-14   112s

Barrier solved model in 35 iterations and 111.61 seconds
Optimal objective 4.75994313e-01


Root crossover log...

    3268 DPushes remaining with DInf 0.0000000e+00               112s
       0 DPushes remaining with DInf 0.0000000e+00               112s

   47874 PPushes remaining with PInf 0.0000000e+00               112s
   27633 PPushes remaining with PInf 0.0000000e+00               115s
   22643 PPushes remaining with PInf 0.0000000e+00               120s
   17118 PPushes remaining with PInf 0.0000000e+00               126s
   12826 PPushes remaining with PInf 0.0000000e+00               131s
    9162 PPushes remaining with PInf 0.0000000e+00               135s
    5781 PPushes remaining with PInf 0.0000000e+00               141s
    3059 PPushes remaining with PInf 0.0000000e+00               146s
     214 PPushes remaining with PInf 0.0000000e+00               150s
       0 PPushes remaining with PInf 0.0000000e+00               151s

  Push phase complete: Pinf 0.0000000e+00, Dinf 3.3145987e-18    151s


Root simplex log...

Iteration    Objective       Primal Inf.    Dual Inf.      Time
   48331    4.7599431e-01   0.000000e+00   0.000000e+00    151s
   48331    4.7599431e-01   0.000000e+00   0.000000e+00    151s

Root relaxation: objective 4.759943e-01, 48331 iterations, 94.04 seconds
Total elapsed time = 552.01s
Total elapsed time = 1655.64s

    Nodes    |    Current Node    |     Objective Bounds      |     Work
 Expl Unexpl |  Obj  Depth IntInf | Incumbent    BestBd   Gap | It/Node Time

     0     0    0.47599    0 2600    1.00000    0.47599  52.4%     - 1656s
H    0     0                       0.9732143    0.47599  51.1%     - 1771s
H    0     0                       0.9636905    0.47599  50.6%     - 2065s
     0     0    0.54231    0 2258    0.96369    0.54231  43.7%     - 4387s
     0     2    0.54231    0 2227    0.96369    0.54231  43.7%     - 7338s
     1     3 infeasible    1         0.96369    0.54231  43.7% 108175 7638s
     3     2    0.56852    2 2746    0.96369    0.55415  42.5% 63340 9083s
     5     4    0.56854    3 2779    0.96369    0.56852  41.0% 40740 9618s
     7     8    0.56948    4 2884    0.96369    0.56854  41.0% 31959 10494s
    11    13  postponed    5         0.96369    0.56948  40.9% 130192 86401s

Cutting planes:
  Cover: 240
  Implied bound: 94

Explored 16 nodes (6425921 simplex iterations) in 86405.73 seconds
Thread count was 32 (of 32 available processors)

Solution count 3: 0.96369 0.973214 1 

Time limit reached
Best objective 9.636904761905e-01, best bound 5.694796961748e-01, gap 40.9064%
Optimization completed with status: 9
Solution found or partially solved!
Best Objective Function Value (so far): 0.9636904761904767
Vessel Utilization Value: 19.0
Rebalancing Time Value: 107.0

Optimization stopped due to time limit.
A feasible solution was found within the time limit.
Best objective value within time limit: 0.9636904761904767

 version 5.6 remote test:

Optimization was successful or partially solved. Saving results...
Results saved to ILPimplementation/output_files/6htest_new_cyclelines_x_ld_results.csv with 77 entries.
Results saved to ILPimplementation/output_files/6htest_new_cyclelines_y_vjt_results.csv with 75240 entries.
Results saved to ILPimplementation/output_files/6htest_new_cyclelines_Q_vt_results.csv with 1368 entries.
Results saved to ILPimplementation/output_files/6htest_new_cyclelines_z_wj_results.csv with 109 entries.
Results saved to ILPimplementation/output_files/6htest_new_cyclelines_Z_lwt_results.csv with 3888 entries.
Results saved to ILPimplementation/output_files/6htest_new_cyclelines_Z_prime_lwt_results.csv with 3888 entries.
