All .csv files have been loaded successfully.


Simulation Parameters:
------------------------------------------------------
Initial Time: 05:30:00
Period Length: 5 minutes
Total Operation Hours: 6 hours

Minimum Number of Crew Breaks (nc): 1
Crew Break Duration (Dc): 30 minutes
Maximum Separation Time for Crew Breaks (Tc): 360 minutes

Charging Rate (rv_plus): 15.90% per period
Plugging/Unplugging Time (pc): 1 minutes
------------------------------------------------------

Vset, Wset, Tset, Jset, and Dset have been defined.

Using license file /usr/local/gurobi/9.1.2/gurobi.lic
Set parameter TokenServer to value gurobi.lic.sydney.edu.au
All results matrices have been loaded from files with prefix "6htest_new_cyclelines".

Results loaded successfully.

All constraintrs are ready.

Starting optimization with 0 variables and 0 constraints.

Parameter OutputFlag unchanged
   Value: 1  Min: 0  Max: 1  Default: 1
Changed value of parameter InfUnbdInfo to 1
   Prev: 0  Min: 0  Max: 1  Default: 0
Changed value of parameter Presolve to 1
   Prev: -1  Min: -1  Max: 2  Default: -1
Changed value of parameter ScaleFlag to 0
   Prev: -1  Min: -1  Max: 3  Default: -1
Changed value of parameter NumericFocus to 3
   Prev: 0  Min: 0  Max: 3  Default: 0
Changed value of parameter MIPGap to 0.2
   Prev: 0.0001  Min: 0.0  Max: inf  Default: 0.0001
Changed value of parameter Method to 2
   Prev: -1  Min: -1  Max: 5  Default: -1
Gurobi Optimizer version 9.1.2 build v9.1.2rc0 (linux64)
Thread count: 32 physical cores, 32 logical processors, using up to 32 threads
Optimize a model with 170120 rows, 84643 columns and 17182937 nonzeros
Model fingerprint: 0x40c9f59e
Model has 1728 quadratic constraints
Variable types: 1368 continuous, 83275 integer (83275 binary)
Coefficient statistics:
  Matrix range     [3e-03, 4e+03]
  QMatrix range    [1e+00, 1e+00]
  QLMatrix range   [1e+00, 1e+00]
  Objective range  [1e+00, 2e+01]
  Bounds range     [1e+00, 1e+00]
  RHS range        [3e-02, 4e+03]
  QRHS range       [1e+00, 2e+00]

User MIP start produced solution with objective 187 (5.25s)
Loaded user MIP start with objective 187
Processed MIP start in 5.31 seconds

Presolve removed 34689 rows and 19156 columns (presolve time = 6s) ...
Presolve removed 34704 rows and 19540 columns (presolve time = 10s) ...
Presolve removed 41803 rows and 24905 columns (presolve time = 17s) ...
Presolve removed 42630 rows and 24907 columns (presolve time = 20s) ...
Presolve removed 43525 rows and 25705 columns (presolve time = 26s) ...
Presolve removed 49642 rows and 25705 columns (presolve time = 33s) ...
Presolve removed 49678 rows and 25741 columns (presolve time = 36s) ...
Presolve removed 90867 rows and 25741 columns (presolve time = 40s) ...
Presolve removed 94297 rows and 29181 columns (presolve time = 45s) ...
Presolve removed 94297 rows and 29181 columns (presolve time = 51s) ...
Presolve removed 88770 rows and 25297 columns
Presolve time: 51.03s
Presolved: 81350 rows, 59346 columns, 4746663 nonzeros
Variable types: 1311 continuous, 58035 integer (57617 binary)
Root barrier log...

Elapsed ordering time = 5s
Ordering time: 9.02s

Barrier statistics:
 AA' NZ     : 3.204e+07
 Factor NZ  : 1.088e+08 (roughly 1.0 GBytes of memory)
 Factor Ops : 1.892e+11 (roughly 1 second per iteration)
 Threads    : 32

                  Objective                Residual
Iter       Primal          Dual         Primal    Dual     Compl     Time
   0  -1.69157048e+08 -1.71947477e+06  4.98e+05 1.50e+01  5.17e+05    74s
   1  -1.42903541e+08 -1.38354895e+07  4.20e+05 3.79e+02  4.27e+05    75s
   2  -6.93848443e+07 -3.04477497e+07  2.03e+05 1.32e+02  2.12e+05    76s
   3  -3.81240674e+07 -3.70379140e+07  1.11e+05 7.45e+01  1.19e+05    77s
   4  -1.86880319e+07 -4.37774004e+07  5.38e+04 3.18e+01  5.92e+04    78s
   5  -8.88067744e+06 -4.88928729e+07  2.56e+04 9.06e+00  2.82e+04    79s
   6  -1.68261496e+06 -5.08243201e+07  4.83e+03 1.36e-12  5.54e+03    80s
   7  -6.51115613e+05 -4.25870211e+07  1.86e+03 1.48e-12  2.12e+03    81s
   8  -3.26945984e+05 -3.18855897e+07  9.20e+02 1.14e-12  1.04e+03    82s
   9  -1.72490734e+05 -2.10534530e+07  4.71e+02 1.25e-12  5.35e+02    83s
  10  -7.56757388e+04 -1.25318888e+07  1.69e+02 9.09e-13  2.47e+02    84s
  11  -4.12458329e+04 -8.69395607e+06  6.22e+01 7.67e-13  1.40e+02    85s
  12  -3.07802998e+04 -6.10293547e+06  3.75e+01 5.12e-13  9.81e+01    86s
  13  -2.35640499e+04 -4.44869083e+06  2.87e+01 4.55e-13  7.06e+01    87s
  14  -1.37743499e+04 -2.70100503e+06  1.68e+01 3.41e-13  3.89e+01    88s
  15  -4.21732683e+03 -1.66180064e+06  5.21e+00 2.27e-13  1.53e+01    89s
  16  -1.53672152e+03 -9.27119844e+05  1.94e+00 2.27e-13  6.78e+00    90s
  17  -6.41050389e+02 -3.88571602e+05  8.51e-01 1.14e-13  2.63e+00    91s
  18  -2.01499181e+02 -1.67809661e+05  3.16e-01 7.11e-14  1.07e+00    92s
  19  -1.23118122e+01 -5.02931346e+04  8.65e-02 4.97e-14  2.98e-01    93s
  20   3.50465397e+01 -1.48455655e+04  2.78e-02 2.63e-14  8.48e-02    94s
  21   4.89990674e+01 -3.62074391e+03  6.46e-03 1.23e-14  2.05e-02    95s
  22   4.65837514e+01 -6.42541116e+02  1.40e-03 4.95e-15  3.89e-03    96s
  23   3.98783878e+01 -7.08793152e+01  3.40e-04 8.56e-16  6.61e-04    97s
  24   3.70576664e+01  4.14293065e+00  1.52e-04 2.48e-16  2.12e-04    98s
  25   3.49867496e+01  3.12931670e+01  1.55e-05 2.22e-16  2.33e-05    99s
  26   3.47598617e+01  3.43897138e+01  1.56e-06 2.22e-16  2.34e-06   100s
  27   3.47371639e+01  3.47001238e+01  1.56e-07 8.22e-12  2.34e-07   102s
  28   3.47348913e+01  3.47311662e+01  1.68e-08 6.57e-12  2.39e-08   104s
  29   3.47346430e+01  3.47342705e+01  1.68e-09 9.66e-12  2.39e-09   105s
  30   3.47346182e+01  3.47345809e+01  1.68e-10 6.93e-12  2.39e-10   106s
  31   3.47346157e+01  3.47346119e+01  1.69e-11 8.64e-12  2.39e-11   107s

Barrier solved model in 31 iterations and 106.98 seconds
Optimal objective 3.47346157e+01


Root crossover log...

    3268 DPushes remaining with DInf 0.0000000e+00               107s
       0 DPushes remaining with DInf 0.0000000e+00               108s

   47872 PPushes remaining with PInf 0.0000000e+00               108s
   26276 PPushes remaining with PInf 0.0000000e+00               110s
   21119 PPushes remaining with PInf 0.0000000e+00               115s
   16638 PPushes remaining with PInf 0.0000000e+00               120s
   12443 PPushes remaining with PInf 0.0000000e+00               125s
    8615 PPushes remaining with PInf 0.0000000e+00               130s
    4874 PPushes remaining with PInf 0.0000000e+00               136s
    2516 PPushes remaining with PInf 0.0000000e+00               140s
       0 PPushes remaining with PInf 0.0000000e+00               145s

  Push phase complete: Pinf 0.0000000e+00, Dinf 9.4000328e-17    145s


Root simplex log...

Iteration    Objective       Primal Inf.    Dual Inf.      Time
   48350    3.4734615e+01   0.000000e+00   0.000000e+00    145s
   48350    3.4734615e+01   0.000000e+00   0.000000e+00    145s

Root relaxation: objective 3.473462e+01, 48350 iterations, 87.42 seconds
Total elapsed time = 646.35s
Total elapsed time = 1622.24s

    Nodes    |    Current Node    |     Objective Bounds      |     Work
 Expl Unexpl |  Obj  Depth IntInf | Incumbent    BestBd   Gap | It/Node Time

     0     0   34.73462    0 2600  187.00000   34.73462  81.4%     - 1623s
H    0     0                     137.0000000   34.73462  74.6%     - 1736s
H    0     0                     132.0000000   34.73462  73.7%     - 2037s
     0     0   36.13462    0 2272  132.00000   36.13462  72.6%     - 4363s
     0     2   36.13462    0 1788  132.00000   36.13462  72.6%     - 7435s
     1     5   36.38462    1 2440  132.00000   36.38462  72.4% 158872 7949s
     3     8   36.38462    2 2229  132.00000   36.38462  72.4% 54311 8604s
     7    16   36.38462    3 2584  132.00000   36.38462  72.4% 25213 9313s
    15    30  postponed    4       132.00000   36.38462  72.4% 91820 69600s
    31    59   36.38462    5 3160  132.00000   36.38462  72.4% 578033 79364s
H   38    59                     130.0000000   36.38462  72.0% 571212 79365s
H   47    59                     127.0000000   36.38462  71.4% 550112 79365s
H   48    59                     118.0000000   36.38462  69.2% 538751 79365s
H   54    59                     111.0000000   36.38462  67.2% 479487 79365s
    61    91   36.38462    6 3241  111.00000   36.38462  67.2% 425882 83722s
H   93   123                      87.0000000   36.38462  58.2% 292386 86467s
   125   155   36.38462    8 3349   87.00000   36.38462  58.2% 219879 87015s
   157   187   36.38462    9 3329   87.00000   36.38462  58.2% 175830 90663s
H  158   187                      85.0000000   36.38462  57.2% 174717 90663s
H  161   187                      84.0000000   36.38462  56.7% 171569 90663s
H  186   187                      81.9999997   36.38462  55.6% 148777 90663s
   189   248   36.38462   10 3177   82.00000   36.38462  55.6% 146555 91724s
   250   307   36.79847   11 3047   82.00000   36.38462  55.6% 112666 98547s
   311   362   36.38462   12 3164   82.00000   36.38462  55.6% 94496 100290s
   370   431   36.38462   13 3248   82.00000   36.38462  55.6% 82190 102658s
   440   486   36.81110   14 3056   82.00000   36.38462  55.6% 71963 104400s
   499   537   37.30769   15 2847   82.00000   36.38462  55.6% 66579 108277s
   566   586   37.26179   15 2706   82.00000   36.38462  55.6% 63363 112040s
   625   632   37.34950   16 2818   82.00000   36.38462  55.6% 60261 114407s
   685   694   37.85148   16 2747   82.00000   36.38462  55.6% 58165 116435s
   767   765   37.96552   17 2613   82.00000   36.38462  55.6% 55081 121215s
   844   832   38.58654   18 2783   82.00000   36.38462  55.6% 53128 123395s
   917   944   38.61538   19 2740   82.00000   36.38462  55.6% 50489 126275s
  1033  1068   38.61538   21 2838   82.00000   36.38462  55.6% 46902 131479s
  1167  1198   38.66667   26 2803   82.00000   36.38462  55.6% 43897 134440s
  1305  1272   38.66667   29 2874   82.00000   36.38462  55.6% 41122 137306s
  1383  1383 infeasible   29        82.00000   36.38462  55.6% 39914 139904s
  1518  1476   38.66667   33 2876   82.00000   36.38462  55.6% 38181 142422s
  1621  1689   39.28205   35 2971   82.00000   36.38462  55.6% 37493 145682s
  1838  1992   39.30769   45 2214   82.00000   36.38462  55.6% 34733 147090s
  2151  2336   39.92308   54 1779   82.00000   36.38462  55.6% 30408 148058s
  2513  2484   42.12821   60 1860   82.00000   36.38462  55.6% 26553 150321s
  2665  2930   42.12821   61 1768   82.00000   36.38462  55.6% 25184 151194s
  3133  3481   43.00000   73 1036   82.00000   36.38462  55.6% 21735 151912s
  3714  4163   45.00157   88  870   82.00000   36.38462  55.6% 18502 153037s
  4400  4965   45.00003  105  660   82.00000   36.38462  55.6% 15789 153431s
  5206  5916   45.00202  123  596   82.00000   36.38462  55.6% 13418 153898s
  6161  7051   45.50202  144  489   82.00000   36.38462  55.6% 11421 154160s
  7306  8387   45.50202  169  458   82.00000   36.38462  55.6%  9673 154723s
  8650  9980   45.90757  197  395   82.00000   36.38462  55.6%  8210 155310s
 10269 11897   45.90757  229  387   82.00000   36.38462  55.6%  6946 155465s
 12226 12606   47.90556  274  341   82.00000   36.38462  55.6%  5856 155903s
 13021 14926   48.12431  327  333   82.00000   36.38462  55.6%  5507 156213s
 15486 14927   59.45000  377 2600   82.00000   36.38462  55.6%  4646 172924s
 15487 14928   53.25380  144 2600   82.00000   36.38462  55.6%  4646 172925s
 15488 14928   46.25177   85 2017   82.00000   36.38462  55.6%  4646 174178s
 15489 14929   54.50402  368 2017   82.00000   36.38462  55.6%  4646 174358s
 15490 14931 infeasible   11        82.00000   36.38462  55.6%  4662 178349s
 15492 14932   37.19517   12 2392   82.00000   36.69109  55.3%  4669 179851s
 15494 14935   37.19518   13 2476   82.00000   36.69286  55.3%  4670 181375s
 15498 14942   37.20312   14 2905   82.00000   36.71235  55.2%  4732 218865s
 15506 14955   37.20467   15 2990   82.00000   36.71235  55.2%  5208 225833s
 15522 14982   37.21735   16 2993   82.00000   36.71235  55.2%  5328 229826s
 15554 15003   37.39230   17 2912   82.00000   36.71235  55.2%  5420 241374s
 15586 15023   37.39230   17 2702   82.00000   36.71235  55.2%  5738 245604s
 15618 15044   37.97307   18 2808   82.00000   36.71235  55.2%  5937 248780s
 15650 15065   37.40232   18 3129   82.00000   36.71235  55.2%  6060 252399s
 15653 15064   39.39230   17 2682   82.00000   36.71235  55.2%  6071 252400s
 15682 15099   38.30442   19 2854   82.00000   36.71235  55.2%  6125 256874s
 15726 15131   37.40455   19 2909   82.00000   36.71235  55.2%  6244 260992s
 15773 15164   38.03959   20 2687   82.00000   36.71235  55.2%  6411 263468s
 15822 15180   37.40455   20 2758   82.00000   36.71235  55.2%  6518 268618s
 15854 15245   37.40455   21 2578   82.00000   36.71235  55.2%  6563 271639s
 15930 15305   37.42349   22 2634   82.00000   36.71235  55.2%  6707 273400s
 16015 15390   39.92062   23 2595   82.00000   36.71235  55.2%  6763 274667s
 16128 15464   37.44701   24 2708   82.00000   36.71235  55.2%  6801 276049s
 16240 15568   37.44456   25 2638   82.00000   36.71235  55.2%  6854 277422s
 16381 15682   37.45530   27 2604   82.00000   36.71235  55.2%  6862 278256s
 16542 15831   37.45605   28 2463   82.00000   36.71235  55.2%  6846 278902s
 16745 15982   37.45757   29 2412   82.00000   36.71235  55.2%  6807 279552s
 16966 16145   38.32517   30 2406   82.00000   36.71235  55.2%  6778 280979s
 17209 16320   37.45867   30 2340   82.00000   36.71235  55.2%  6750 281766s
 17472 16262   37.45872   34 2047   82.00000   36.71235  55.2%  6696 284604s
 17504 16550   37.46182   35 2125   82.00000   36.71235  55.2%  6701 285792s
 17817 16816   38.02871   36 2159   82.00000   36.71235  55.2%  6649 286767s
 18191 17014   37.46729   36 2157   82.00000   36.71235  55.2%  6569 287405s
 18518 17331   37.47061   38 2134   82.00000   36.71235  55.2%  6491 288134s
 18950 17663   37.47235   39 2072   82.00000   36.71235  55.2%  6392 289000s
 19428 18062   37.48461   40 2169   82.00000   36.71235  55.2%  6283 289389s
 19988 18370   37.50976   41 2171   82.00000   36.71235  55.2%  6139 290141s
 20487 18923   37.50976   42 2155   82.00000   36.71235  55.2%  6027 291100s
 21210 19500   37.71248   44 2179   82.00000   36.71235  55.2%  5856 291745s
 22030 20185   37.71248   45 2116   82.00000   36.71235  55.2%  5664 292340s
 22992 20922   37.71248   46 2054   82.00000   36.71235  55.2%  5456 292962s
 24054 21815   38.43600   48 2275   82.00000   36.71235  55.2%  5241 293433s
 25317 22712   37.97768   49 2416   82.00000   36.71235  55.2%  5001 294808s
 26710 23759   38.21985   50 2338   82.00000   36.71235  55.2%  4764 296203s
 28323 24721   38.59154   51 2294   82.00000   36.71235  55.2%  4524 296834s
 29843 26032   38.10929   51 2343   82.00000   36.71235  55.2%  4315 297718s
 31677 27721   38.13601   52 2387   82.00000   36.71235  55.2%  4092 299907s
 34056 29052   38.39446   59 2120   82.00000   36.71235  55.2%  3899 302144s
 36226 30156   38.44429   64 1897   82.00000   36.71235  55.2%  3708 302937s
 38129 31310   38.75719   68 2048   82.00000   36.71235  55.2%  3553 303909s
 39971 32428   40.89879   68 2222   82.00000   36.71235  55.2%  3418 305703s
 41718 34238   38.78793   69 2066   82.00000   36.71235  55.2%  3290 306398s
 44125 35362   38.78793   70 1983   82.00000   36.71235  55.2%  3131 307518s
 46053 37308   38.82958   73 1905   82.00000   36.71235  55.2%  3026 308214s
 48738 39023   38.84756   73 1987   82.00000   36.71235  55.2%  2878 309070s
 51454 40367   38.91088   75 1943   82.00000   36.71235  55.2%  2750 310240s
 53819 41669   39.20245   78 2104   82.00000   36.71235  55.2%  2660 311622s
 56037 41008   40.18901   79 2186   82.00000   36.71235  55.2%  2584 312805s
 56115 42501   40.23997   81 2232   82.00000   36.71235  55.2%  2599 313821s
 57682 43277   39.28946   81 2150   82.00000   36.71235  55.2%  2554 314904s
 59017 44542   39.29366   83 2088   82.00000   36.71235  55.2%  2523 315990s
 60750 47240   39.32533   87 1962   82.00000   36.71235  55.2%  2479 319021s
 63965 51255   40.15341  101 2160   82.00000   36.71235  55.2%  2430 321208s
 68113 52243   40.63284  108 1837   82.00000   36.71235  55.2%  2349 325247s
 69315 55193   40.50266  108 2031   82.00000   36.71235  55.2%  2324 328252s
 72349 58783   40.50266  113 1913   82.00000   36.71235  55.2%  2294 330026s
 75990 62911   41.36814  122 1857   82.00000   36.71235  55.2%  2235 333040s
 80241 65680   41.41573  128 1775   82.00000   36.71235  55.2%  2172 334870s
 83093 69196   42.56416  136 1882   82.00000   36.71235  55.2%  2146 336629s
 86683 71655   42.45865  154 1825   82.00000   36.71235  55.2%  2102 344131s
 89229 74669   42.16961  160 1646   82.00000   36.71235  55.2%  2081 347382s
 92338 76668   43.06677  186 1455   82.00000   36.71235  55.2%  2062 352072s
 94381 83237   43.25093  223 1758   82.00000   36.71235  55.2%  2081 358164s
