All .csv files have been loaded successfully.


Simulation Parameters:
------------------------------------------------------
Initial Time: 05:30:00
Period Length: 5 minutes
Total Operation Hours: 6 hours

Minimum Number of Crew Breaks (nc): 1
Crew Break Duration (Dc): 10 minutes
Maximum Separation Time for Crew Breaks (Tc): 240 minutes

Charging Rate (rv_plus): 15.91% per period
Plugging/Unplugging Time (pc): 2 minutes
------------------------------------------------------

Vset, Wset, Tset, Jset, and Dset have been defined.

Using license file /usr/local/gurobi/9.1.2/gurobi.lic
Set parameter TokenServer to value gurobi.lic.sydney.edu.au
Successfully load partial results!!
All results matrices have been loaded from files with prefix "6htest_cyclelines_rob_sol".

Results loaded successfully.

All constraintrs are ready.

Starting optimization with 0 variables and 0 constraints.

Parameter OutputFlag unchanged
   Value: 1  Min: 0  Max: 1  Default: 1
Changed value of parameter InfUnbdInfo to 1
   Prev: 0  Min: 0  Max: 1  Default: 0
Changed value of parameter Presolve to 1
   Prev: -1  Min: -1  Max: 2  Default: -1
Changed value of parameter ScaleFlag to 0
   Prev: -1  Min: -1  Max: 3  Default: -1
Changed value of parameter NumericFocus to 3
   Prev: 0  Min: 0  Max: 3  Default: 0
Changed value of parameter MIPGap to 0.9
   Prev: 0.0001  Min: 0.0  Max: inf  Default: 0.0001
Changed value of parameter Method to 2
   Prev: -1  Min: -1  Max: 5  Default: -1
Gurobi Optimizer version 9.1.2 build v9.1.2rc0 (linux64)
Thread count: 32 physical cores, 32 logical processors, using up to 32 threads
Optimize a model with 168308 rows, 84320 columns and 17062809 nonzeros
Model fingerprint: 0x2e3a3700
Model has 1728 quadratic constraints
Variable types: 1440 continuous, 82880 integer (82880 binary)
Coefficient statistics:
  Matrix range     [1e-02, 4e+03]
  QMatrix range    [1e+00, 1e+00]
  QLMatrix range   [1e+00, 1e+00]
  Objective range  [1e+00, 2e+01]
  Bounds range     [1e+00, 1e+00]
  RHS range        [1e+00, 4e+03]
  QRHS range       [1e+00, 2e+00]
Presolve removed 14760 rows and 10181 columns (presolve time = 7s) ...
Presolve removed 14863 rows and 10762 columns (presolve time = 10s) ...
Presolve removed 19458 rows and 13569 columns (presolve time = 15s) ...
Presolve removed 26281 rows and 18116 columns (presolve time = 20s) ...
Presolve removed 28941 rows and 18304 columns (presolve time = 27s) ...
Presolve removed 28996 rows and 18399 columns (presolve time = 31s) ...
Presolve removed 29045 rows and 18488 columns (presolve time = 42s) ...
Presolve removed 31518 rows and 18577 columns (presolve time = 47s) ...
Presolve removed 31537 rows and 18623 columns (presolve time = 50s) ...
Presolve removed 31557 rows and 18639 columns (presolve time = 57s) ...
Presolve removed 25744 rows and 14524 columns
Presolve time: 58.63s
Presolved: 142564 rows, 69796 columns, 6062758 nonzeros
Variable types: 0 continuous, 69796 integer (65723 binary)
Root barrier log...

Elapsed ordering time = 5s
Elapsed ordering time = 10s
Elapsed ordering time = 15s
Ordering time: 26.18s

Barrier statistics:
 AA' NZ     : 5.778e+07
 Factor NZ  : 1.966e+08 (roughly 1.7 GBytes of memory)
 Factor Ops : 3.779e+11 (roughly 1 second per iteration)
 Threads    : 32

                  Objective                Residual
Iter       Primal          Dual         Primal    Dual     Compl     Time
   0  -1.34127115e+08 -3.45382400e+06  1.09e+06 1.60e+01  5.75e+05   100s
   1  -1.03554586e+08 -1.27943872e+07  8.38e+05 4.12e+02  4.08e+05   102s
   2  -5.60711972e+07 -2.50381326e+07  4.55e+05 2.20e+02  2.25e+05   103s
   3  -3.40840347e+07 -3.63643955e+07  2.77e+05 1.14e+02  1.30e+05   105s
   4  -2.17568986e+07 -4.21773235e+07  1.76e+05 7.10e+01  8.30e+04   107s
   5  -1.64074928e+07 -4.53581820e+07  1.33e+05 5.14e+01  6.06e+04   109s
   6  -1.23643717e+07 -4.94879072e+07  9.99e+04 2.84e+01  4.42e+04   110s
   7  -8.36590596e+06 -5.20039017e+07  6.73e+04 1.62e+01  2.98e+04   112s
   8  -5.28909427e+06 -5.34543884e+07  4.22e+04 8.02e+00  1.89e+04   113s
   9  -2.76967481e+06 -5.34777731e+07  2.11e+04 3.33e+00  1.00e+04   115s
  10  -1.20429448e+06 -4.97184873e+07  7.84e+03 6.68e-01  4.40e+03   117s
  11  -3.50696218e+05 -4.37872573e+07  2.08e+03 8.14e-02  1.35e+03   119s
  12  -1.39484226e+05 -3.14980913e+07  8.34e+02 1.02e-12  5.51e+02   120s
  13  -7.80401173e+04 -1.97367170e+07  4.78e+02 7.96e-13  2.95e+02   122s
  14  -5.42998989e+04 -1.03919416e+07  3.20e+02 7.96e-13  1.79e+02   123s
  15  -3.20378991e+04 -7.38187975e+06  1.69e+02 7.11e-13  1.07e+02   125s
  16  -1.49679071e+04 -4.66509015e+06  7.19e+01 5.97e-13  5.27e+01   127s
  17  -6.69605838e+03 -2.98068855e+06  2.59e+01 3.20e-13  2.59e+01   129s
  18  -2.40678816e+03 -1.68346632e+06  6.80e+00 2.52e-13  1.10e+01   130s
  19  -6.58602287e+02 -1.05736927e+06  1.11e+00 2.40e-13  4.97e+00   132s
  20  -4.76230693e+00 -3.69862484e+05  6.56e-02 1.65e-13  1.39e+00   133s
  21   5.95789683e+01 -4.99177746e+04  5.28e-03 7.11e-14  1.82e-01   135s
  22   6.41115223e+01 -7.84587339e+03  5.24e-04 1.50e-14  2.86e-02   137s
  23   5.76749309e+01 -2.41391826e+03  5.19e-05 4.26e-15  8.94e-03   139s
  24   5.05249172e+01 -6.18542755e+02  2.31e-05 1.11e-15  2.42e-03   140s
  25   4.09891668e+01 -1.70059232e+02  6.14e-06 3.81e-16  7.64e-04   142s
  26   3.64001751e+01 -5.20405603e+01  3.76e-06 1.82e-16  3.20e-04   143s
  27   3.44517602e+01 -2.07372699e+01  2.83e-06 1.04e-16  2.00e-04   145s
  28   3.29112852e+01 -8.51914678e+00  2.30e-06 7.74e-17  1.50e-04   147s
  29   3.22193158e+01 -4.06018018e+00  2.09e-06 6.77e-17  1.31e-04   148s
  30   3.13400643e+01 -3.51507412e-01  1.84e-06 5.53e-17  1.15e-04   150s
  31   3.08959525e+01  7.74238185e+00  1.64e-06 3.66e-17  8.38e-05   152s
  32   2.88847794e+01  2.16877823e+01  6.05e-07 1.06e-17  2.60e-05   154s
  33   2.72077086e+01  2.54858995e+01  6.26e-08 1.77e-18  6.23e-06   155s
  34   2.70213944e+01  2.68422643e+01  6.48e-09 4.64e-19  6.48e-07   157s
  35   2.70021400e+01  2.69842197e+01  6.48e-10 5.04e-20  6.48e-08   158s
  36   2.70002140e+01  2.69984220e+01  6.48e-11 3.32e-21  6.48e-09   160s
  37   2.70000214e+01  2.69998422e+01  6.51e-12 4.55e-22  6.48e-10   161s
  38   2.70000021e+01  2.69999842e+01  6.46e-13 3.55e-14  6.48e-11   163s
  39   2.70000002e+01  2.69999984e+01  6.48e-14 5.33e-14  6.48e-12   165s

Barrier solved model in 39 iterations and 164.99 seconds
Optimal objective 2.70000002e+01


Root crossover log...

      32 DPushes remaining with DInf 0.0000000e+00               166s
       0 DPushes remaining with DInf 0.0000000e+00               166s

   58128 PPushes remaining with PInf 0.0000000e+00               166s
   42329 PPushes remaining with PInf 0.0000000e+00               170s
   38401 PPushes remaining with PInf 0.0000000e+00               175s
   34419 PPushes remaining with PInf 0.0000000e+00               180s
   31203 PPushes remaining with PInf 0.0000000e+00               185s
   27901 PPushes remaining with PInf 0.0000000e+00               190s
   23726 PPushes remaining with PInf 0.0000000e+00               195s
   21448 PPushes remaining with PInf 0.0000000e+00               200s
   18297 PPushes remaining with PInf 0.0000000e+00               206s
   16351 PPushes remaining with PInf 0.0000000e+00               210s
   13323 PPushes remaining with PInf 0.0000000e+00               215s
   10704 PPushes remaining with PInf 0.0000000e+00               221s
    9085 PPushes remaining with PInf 0.0000000e+00               225s
    6417 PPushes remaining with PInf 0.0000000e+00               230s
    4796 PPushes remaining with PInf 0.0000000e+00               235s
    3239 PPushes remaining with PInf 0.0000000e+00               240s
     820 PPushes remaining with PInf 0.0000000e+00               245s
       0 PPushes remaining with PInf 0.0000000e+00               247s

  Push phase complete: Pinf 0.0000000e+00, Dinf 1.5829352e-16    247s


Root simplex log...

Iteration    Objective       Primal Inf.    Dual Inf.      Time
   58157    2.7000000e+01   0.000000e+00   0.000000e+00    247s
   58157    2.7000000e+01   0.000000e+00   0.000000e+00    248s

Root relaxation: objective 2.700000e+01, 58157 iterations, 186.21 seconds
Total elapsed time = 1573.57s

    Nodes    |    Current Node    |     Objective Bounds      |     Work
 Expl Unexpl |  Obj  Depth IntInf | Incumbent    BestBd   Gap | It/Node Time

     0     0   27.00000    0 8591          -   27.00000      -     - 1575s
     0     2   27.00000    0 8591          -   27.00000      -     - 5770s
     1     4   27.00000    1 8388          -   27.00000      - 145843 8460s
     3     8   28.00000    2 8233          -   27.00000      - 62638 11216s
     7    16   28.00000    3 8096          -   28.00000      - 37345 13192s
    15    32  postponed    4               -   28.00000      - 165305 561732s
    31    64   28.00000    5 8141          -   28.00000      - 1134896 600263s
