All .csv files have been loaded successfully.


Simulation Parameters:
------------------------------------------------------
Initial Time: 05:30:00
Period Length: 5 minutes
Total Operation Hours: 6 hours

Minimum Number of Crew Breaks (nc): 1
Crew Break Duration (Dc): 30 minutes
Maximum Separation Time for Crew Breaks (Tc): 360 minutes

Charging Rate (rv_plus): 16.00% per period
Plugging/Unplugging Time (pc): 1 minutes
------------------------------------------------------

B+, set of wharves to charge:['CQ2', 'CQ4', 'CQ5', 'Bar1', 'Bar2']
Bc, set of wharves to crew pause:['cp_CQ1', 'cp_CQ2', 'cp_CQ3', 'cp_CQ4', 'cp_CQ5', 'cp_Bar1', 'cp_Bar2', 'cp_Bar4', 'cp_Bar5', 'cp_BSY1', 'cp_BSY2', 'cp_BSY3', 'cp_BSY4', 'cp_BSY5', 'cp_BSY6']
B, set of wharves to wait:['CQ1', 'CQ3', 'CI1', 'Bar4', 'Bar5', 'PB1', 'Mos1', 'TZ1', 'WB1', 'RB1', 'DB1', 'BSY1', 'BSY2', 'BSY3', 'BSY4', 'BSY5', 'BSY6', 'BWB1', 'NB1', 'phi_CQ2', 'phi_CQ4', 'phi_CQ5', 'phi_Bar1', 'phi_Bar2']
Vset, Wset, Tset, Jset, and Dset have been defined.

Using license file /usr/local/gurobi/9.1.2/gurobi.lic
Set parameter TokenServer to value gurobi.lic.sydney.edu.au
All results matrices have been loaded from files with prefix "6htest_v6".

Results loaded successfully.

All constraintrs are ready.

Starting optimization with 0 variables and 0 constraints.

Parameter OutputFlag unchanged
   Value: 1  Min: 0  Max: 1  Default: 1
Changed value of parameter InfUnbdInfo to 1
   Prev: 0  Min: 0  Max: 1  Default: 0
Changed value of parameter Presolve to 1
   Prev: -1  Min: -1  Max: 2  Default: -1
Changed value of parameter ScaleFlag to 0
   Prev: -1  Min: -1  Max: 3  Default: -1
Changed value of parameter NumericFocus to 3
   Prev: 0  Min: 0  Max: 3  Default: 0
Changed value of parameter MIPGap to 0.2
   Prev: 0.0001  Min: 0.0  Max: inf  Default: 0.0001
Changed value of parameter Method to 2
   Prev: -1  Min: -1  Max: 5  Default: -1
Changed value of parameter TimeLimit to 432000.0
   Prev: inf  Min: 0.0  Max: inf  Default: inf
Gurobi Optimizer version 9.1.2 build v9.1.2rc0 (linux64)
Thread count: 64 physical cores, 64 logical processors, using up to 32 threads
Optimize a model with 170066 rows, 84715 columns and 17186663 nonzeros
Model fingerprint: 0xf86857e6
Model has 1799 quadratic constraints
Variable types: 1440 continuous, 83275 integer (83275 binary)
Coefficient statistics:
  Matrix range     [4e-03, 4e+03]
  QMatrix range    [1e+00, 1e+00]
  QLMatrix range   [1e+00, 1e+00]
  Objective range  [4e-03, 1e-01]
  Bounds range     [1e+00, 1e+00]
  RHS range        [3e-02, 4e+03]
  QRHS range       [1e+00, 2e+00]

User MIP start produced solution with objective 0.9 (6.35s)
Loaded user MIP start with objective 0.9
Processed MIP start in 6.45 seconds

Presolve removed 32237 rows and 16916 columns (presolve time = 5s) ...
Presolve removed 32344 rows and 17035 columns (presolve time = 11s) ...
Presolve removed 37089 rows and 19159 columns (presolve time = 16s) ...
Presolve removed 40380 rows and 19985 columns (presolve time = 20s) ...
Presolve removed 41262 rows and 23035 columns (presolve time = 26s) ...
Presolve removed 43228 rows and 24253 columns (presolve time = 30s) ...
Presolve removed 49356 rows and 24272 columns (presolve time = 39s) ...
Presolve removed 49392 rows and 24308 columns (presolve time = 40s) ...
Presolve removed 90586 rows and 24321 columns (presolve time = 45s) ...
Presolve removed 94049 rows and 27784 columns (presolve time = 50s) ...
Presolve removed 94049 rows and 27784 columns (presolve time = 58s) ...
Presolve removed 88556 rows and 23900 columns
Presolve time: 58.08s
Presolved: 985247 rows, 964191 columns, 8279496 nonzeros
Variable types: 1311 continuous, 962880 integer (962424 binary)
Root barrier log...

Elapsed ordering time = 5s
Elapsed ordering time = 10s
Elapsed ordering time = 15s
Elapsed ordering time = 20s
Elapsed ordering time = 31s
Elapsed ordering time = 35s
Ordering time: 149.50s

Barrier statistics:
 Dense cols : 13
 AA' NZ     : 1.939e+08
 Factor NZ  : 1.986e+09 (roughly 17.0 GBytes of memory)
 Factor Ops : 4.803e+12 (roughly 12 seconds per iteration)
 Threads    : 32

                  Objective                Residual
Iter       Primal          Dual         Primal    Dual     Compl     Time
   0   2.42872262e+06 -8.73046082e+08  4.98e+05 5.27e-02  9.73e+05   303s
   1   2.25431491e+06 -1.05736669e+09  4.39e+05 6.99e+02  8.61e+05   321s
   2   1.60502718e+06 -1.23880978e+09  2.87e+05 5.88e+02  5.73e+05   343s
   3   1.05032588e+06 -1.53056623e+09  1.76e+05 3.03e+02  3.53e+05   368s
   4   7.06008436e+05 -1.71273613e+09  1.13e+05 1.71e+02  2.33e+05   390s
   5   4.28350015e+05 -1.82256005e+09  6.80e+04 1.04e+02  1.42e+05   409s
   6   1.75494151e+05 -1.98143244e+09  2.73e+04 1.64e+01  5.87e+04   427s
   7   4.38181367e+04 -1.97131107e+09  6.55e+03 2.16e-12  1.45e+04   446s
   8   1.99121560e+04 -1.83794741e+09  2.82e+03 2.84e-12  6.34e+03   468s
   9   5.63388928e+03 -1.53285471e+09  5.91e+02 1.93e-12  1.65e+03   494s
  10   3.63008200e+03 -1.19225194e+09  2.74e+02 2.05e-12  8.86e+02   516s
  11   3.08911178e+03 -9.97048167e+08  1.87e+02 1.71e-12  6.47e+02   534s
  12   2.74391034e+03 -8.27764456e+08  1.32e+02 1.71e-12  4.87e+02   552s
  13   2.42432750e+03 -5.87590379e+08  8.35e+01 7.96e-13  3.13e+02   571s
  14   1.96839345e+03 -3.25570123e+08  3.65e+01 6.82e-13  1.46e+02   593s
  15   1.75235636e+03 -1.74348592e+08  1.60e+01 5.12e-13  7.01e+01   619s
  16   1.66851443e+03 -1.21882252e+08  7.90e+00 5.26e-13  4.64e+01   641s
  17   1.62994564e+03 -7.96090467e+07  4.13e+00 3.52e-13  2.95e+01   659s
  18   1.61086921e+03 -4.21540340e+07  2.12e+00 3.20e-13  1.54e+01   678s
  19   1.60058663e+03 -1.84893651e+07  1.05e+00 2.38e-13  6.69e+00   696s
  20   1.59541064e+03 -8.13804918e+06  4.24e-01 1.55e-13  2.93e+00   715s
  21   1.59327092e+03 -3.48508372e+06  9.94e-02 9.28e-14  1.25e+00   736s
  22   1.59222494e+03 -7.33328681e+05  1.88e-02 7.33e-14  2.62e-01   760s
  23   1.58624884e+03 -1.61459078e+05  2.63e-03 2.39e-14  5.81e-02   781s
  24   1.55594690e+03 -1.79813249e+04  3.97e-04 4.41e-15  6.97e-03   799s
  25   1.15061516e+03 -2.26474897e+03  4.17e-05 9.19e-16  1.22e-03   820s
  26   1.80111267e+02 -4.58086233e+02  4.49e-06 1.82e-16  2.27e-04   839s
  27   2.16645681e+01 -1.15649422e+02  5.31e-07 4.75e-17  4.88e-05   864s
  28   3.56512591e+00 -2.23257138e+01  7.96e-08 1.08e-17  9.21e-06   905s
  29   1.39800170e+00 -6.31692669e+00  2.87e-08 1.22e-09  2.74e-06   946s
  30   1.17634111e+00 -5.41280050e+00  3.21e-08 5.34e-09  2.34e-06   968s
  31   9.96175714e-01 -4.53133752e+00  2.67e-08 2.40e-18  1.97e-06   998s
  32   7.58668239e-01 -3.80415628e+00  2.08e-08 6.68e-15  1.62e-06  1029s
  33   6.40746018e-01 -2.12753290e+00  1.74e-08 8.97e-12  9.85e-07  1054s
  34   2.22276642e-01 -1.88097224e-01  4.25e-09 1.48e-08  1.46e-07  1088s
  35   1.01518386e-01  6.02552093e-02  4.72e-10 1.03e-09  1.47e-08  1116s
  36   9.10749714e-02  7.23611029e-02  3.11e-09 3.33e-06  6.66e-09  1148s
  37   8.82953707e-02  8.59167325e-02  3.95e-10 4.23e-07  8.46e-10  1168s
  38   8.79420748e-02  8.76396866e-02  5.07e-11 5.38e-08  1.08e-10  1185s
  39   8.78971795e-02  8.78585969e-02  6.69e-12 6.87e-09  1.37e-11  1203s
  40   8.78914641e-02  8.78864408e-02  1.46e-12 8.83e-10  1.77e-12  1223s
  41   8.78907382e-02  8.78901244e-02  1.08e-12 1.25e-10  2.48e-13  1251s
  42   8.78906489e-02  8.78904696e-02  2.20e-09 5.21e-11  7.60e-14  1275s
  43   8.78906474e-02  8.78905122e-02  1.14e-08 3.73e-10  5.70e-14  1307s
  44   8.78906474e-02  8.78905121e-02  1.14e-08 5.58e-10  5.71e-14  1327s
  45   8.78906474e-02  8.78905121e-02  1.14e-08 6.70e-10  5.71e-14  1358s
  46   8.78906474e-02  8.78905121e-02  1.14e-08 8.02e-10  5.71e-14  1389s

Barrier solved model in 46 iterations and 1388.88 seconds
Optimal objective 8.78906474e-02


Root crossover log...

    3444 DPushes remaining with DInf 0.0000000e+00              1392s
       0 DPushes remaining with DInf 0.0000000e+00              1393s

   58731 PPushes remaining with PInf 0.0000000e+00              1393s
   33458 PPushes remaining with PInf 0.0000000e+00              1395s
   30572 PPushes remaining with PInf 0.0000000e+00              1400s
   28288 PPushes remaining with PInf 0.0000000e+00              1405s
   26246 PPushes remaining with PInf 0.0000000e+00              1410s
   24400 PPushes remaining with PInf 0.0000000e+00              1415s
   22325 PPushes remaining with PInf 0.0000000e+00              1420s
   20167 PPushes remaining with PInf 0.0000000e+00              1425s
   18066 PPushes remaining with PInf 0.0000000e+00              1431s
   16841 PPushes remaining with PInf 0.0000000e+00              1435s
   15414 PPushes remaining with PInf 0.0000000e+00              1440s
   13957 PPushes remaining with PInf 0.0000000e+00              1445s
   12287 PPushes remaining with PInf 0.0000000e+00              1452s
   11170 PPushes remaining with PInf 0.0000000e+00              1457s
   10011 PPushes remaining with PInf 0.0000000e+00              1461s
    8866 PPushes remaining with PInf 0.0000000e+00              1466s
    7430 PPushes remaining with PInf 0.0000000e+00              1470s
    5752 PPushes remaining with PInf 0.0000000e+00              1476s
    4804 PPushes remaining with PInf 0.0000000e+00              1480s
    1760 PPushes remaining with PInf 0.0000000e+00              1485s
       0 PPushes remaining with PInf 0.0000000e+00              1486s

  Push phase complete: Pinf 0.0000000e+00, Dinf 1.6936157e-15   1486s


Root simplex log...

Iteration    Objective       Primal Inf.    Dual Inf.      Time
   59394    8.7890625e-02   0.000000e+00   0.000000e+00   1487s
   59394    8.7890625e-02   0.000000e+00   0.000000e+00   1488s

Root relaxation: objective 8.789063e-02, 59394 iterations, 1374.44 seconds
Total elapsed time = 1488.64s
Total elapsed time = 4582.45s
Total elapsed time = 6122.34s
Total elapsed time = 6703.79s
Total elapsed time = 7132.11s
Total elapsed time = 7464.84s
Total elapsed time = 7466.35s

    Nodes    |    Current Node    |     Objective Bounds      |     Work
 Expl Unexpl |  Obj  Depth IntInf | Incumbent    BestBd   Gap | It/Node Time

     0     0    0.08789    0 2322    0.90000    0.08789  90.2%     - 7470s
H    0     0                       0.7136719    0.08789  87.7%     - 7698s
H    0     0                       0.6082031    0.08789  85.5%     - 7923s
     0     1    0.08789    0 2223    0.60820    0.08789  85.5%     - 42486s
     1     2    0.08789    1 3130    0.60820    0.08789  85.5% 278208 46128s
     2     4    0.08789    2 3049    0.60820    0.08789  85.5% 141007 47932s
     4     8    0.08789    3 2844    0.60820    0.08789  85.5% 73348 50215s
     8    15    0.08789    4 2959    0.60820    0.08789  85.5% 41701 52896s
    16    30    0.08789    5 3366    0.60820    0.08789  85.5% 30269 61267s
    17    30    0.08789    5 3537    0.60820    0.08789  85.5% 33662 61270s
    31    58    0.08789    6 3280    0.60820    0.08789  85.5% 51951 97945s
    61    90    0.08789    7 3427    0.60820    0.08789  85.5% 30721 101047s
    93   122    0.08789    8 3256    0.60820    0.08789  85.5% 25765 101754s
   125   152    0.08789    8 3102    0.60820    0.08789  85.5% 20861 102181s
   157   182    0.08789    9 3094    0.60820    0.08789  85.5% 17418 102826s
   189   240    0.08789   10 3084    0.60820    0.08789  85.5% 15210 103391s
   251   294    0.08789   11 3046    0.60820    0.08789  85.5% 12267 103809s
   310   535    0.08789   12 2919    0.60820    0.08789  85.5% 10511 119180s
   598  1054    0.08789   19 2612    0.60820    0.08789  85.5%  6535 124586s
  1142  1577    0.08789   32 2305    0.60820    0.08789  85.5%  4213 128713s
  1686  2089    0.08789   44 2029    0.60820    0.08789  85.5%  3435 131633s
  2230  2620    0.08789   55 1624    0.60820    0.08789  85.5%  2999 133883s
  2774  3152    0.08870   66 1518    0.60820    0.08789  85.5%  2656 135904s
  2808  3152    0.09287   59 1605    0.60820    0.08789  85.5%  2635 135905s
  3318  3670 infeasible   79         0.60820    0.08789  85.5%  2435 137715s
  3857  4159    0.09470   95 1536    0.60820    0.08789  85.5%  2301 143807s
  4378  4602    0.09841  107 1509    0.60820    0.08789  85.5%  2198 148516s
  4880  5042 infeasible  118         0.60820    0.08789  85.5%  2106 155376s
  5362  5448    0.10726  128 1443    0.60820    0.08789  85.5%  2038 160675s
  5819  5880    0.10753  139 1310    0.60820    0.08789  85.5%  1975 165910s
  6284  6287    0.10753  149 1333    0.60820    0.08789  85.5%  1885 171815s
  6743  6713    0.10753  160 1289    0.60820    0.08789  85.5%  1789 177591s
  7176  7138    0.11013  171 1214    0.60820    0.08789  85.5%  1710 183380s
  7605  7523    0.10753  180 1194    0.60820    0.08789  85.5%  1636 189351s
  8003  7939    0.10753  182 1185    0.60820    0.08789  85.5%  1573 195040s
  8421  8357    0.10753  185 1197    0.60820    0.08789  85.5%  1514 200686s
  8839  8754    0.10753  188 1186    0.60820    0.08789  85.5%  1456 206639s
  8859  8754    0.10227   96 1416    0.60820    0.08789  85.5%  1453 206640s
  9242  9144    0.10753  191 1179    0.60820    0.08789  85.5%  1409 212318s
  9276  9144    0.10227   99 1348    0.60820    0.08789  85.5%  1404 212320s
  9638  9530    0.10753  207 1188    0.60820    0.08789  85.5%  1365 217915s
 10028  9911    0.10753  221 1140    0.60820    0.08789  85.5%  1326 223711s
 10419 10284    0.10753  233 1125    0.60820    0.08789  85.5%  1288 229439s
 10436 10284    0.13910  379 1305    0.60820    0.08789  85.5%  1286 229446s
 10808 10626    0.11466  245 1147    0.60820    0.08789  85.5%  1253 293655s
 11154 11002    0.10765  255 1167    0.60820    0.08789  85.5%  1225 299690s
 11530 11386    0.10765  267 1156    0.60820    0.08789  85.5%  1195 305414s
 11547 11386    0.14007  428 1268    0.60820    0.08789  85.5%  1194 305416s
 11920 11772    0.10765  282 1172    0.60820    0.08789  85.5%  1166 311326s
 12310 12150    0.10765  295 1135    0.60820    0.08789  85.5%  1139 317305s
 12700 12566    0.10769  309 1148    0.60820    0.08789  85.5%  1113 322862s
H13118 12602                       0.2882813    0.08789  69.5%  1088 335864s
 13120 12602    0.10227  125 1277    0.28828    0.08789  69.5%  1088 335866s
H13124 12602                       0.2742188    0.08789  67.9%  1088 335866s
 13154 13144    0.10769  323 1195    0.27422    0.08789  67.9%  1086 336147s
 13698 13664    0.10769  340 1196    0.27422    0.08789  67.9%  1056 336346s
 14242 14194    0.10815  353 1183    0.27422    0.08789  67.9%  1027 336565s

Cutting planes:
  Cover: 2894
  Implied bound: 601

Explored 14786 nodes (15172044 simplex iterations) in 432008.94 seconds
Thread count was 32 (of 64 available processors)

Solution count 6: 0.274219 0.288281 0.608203 ... 0.9

Time limit reached
Best objective 2.742187500000e-01, best bound 8.789062500001e-02, gap 67.9487%
Optimization completed with status: 9
Solution found or partially solved!
Vessel Utilization Value: 19.0
Rebalancing Time Value: 78.0
Total panalise of tasks: 0.0
A feasible solution was found within the time limit.
Best objective value within time limit: 0.2742187499999975

Curent version is version6.3.1 alpha = 0.1, and the model results is based on the version6.3 files

 

Optimization was successful or partially solved. Saving results...
Results saved to ILPimplementation/output_files/version6.3.1 alpha = 0.1_x_ld_results.csv with 77 entries.
Results saved to ILPimplementation/output_files/version6.3.1 alpha = 0.1_y_vjt_results.csv with 75240 entries.
Results saved to ILPimplementation/output_files/version6.3.1 alpha = 0.1_Q_vt_results.csv with 1368 entries.
Results saved to ILPimplementation/output_files/version6.3.1 alpha = 0.1_z_wj_results.csv with 109 entries.
Results saved to ILPimplementation/output_files/version6.3.1 alpha = 0.1_Z_lwt_results.csv with 3888 entries.
Results saved to ILPimplementation/output_files/version6.3.1 alpha = 0.1_Z_prime_lwt_results.csv with 3888 entries.
