All .csv files have been loaded successfully.


Simulation Parameters:
------------------------------------------------------
Initial Time: 05:30:00
Period Length: 5 minutes
Total Operation Hours: 6 hours

Minimum Number of Crew Breaks (nc): 1
Crew Break Duration (Dc): 10 minutes
Maximum Separation Time for Crew Breaks (Tc): 240 minutes

Charging Rate (rv_plus): 15.91% per period
Plugging/Unplugging Time (pc): 2 minutes
------------------------------------------------------

Vset, Wset, Tset, Jset, and Dset have been defined.

Using license file /usr/local/gurobi/9.1.2/gurobi.lic
Set parameter TokenServer to value gurobi.lic.sydney.edu.au
All results matrices have been loaded from files with prefix "6htest_cyclelines".

Results loaded successfully.

All constraintrs are ready.

Starting optimization with 0 variables and 0 constraints.

Parameter OutputFlag unchanged
   Value: 1  Min: 0  Max: 1  Default: 1
Changed value of parameter InfUnbdInfo to 1
   Prev: 0  Min: 0  Max: 1  Default: 0
Changed value of parameter Presolve to 1
   Prev: -1  Min: -1  Max: 2  Default: -1
Changed value of parameter ScaleFlag to 0
   Prev: -1  Min: -1  Max: 3  Default: -1
Changed value of parameter NumericFocus to 3
   Prev: 0  Min: 0  Max: 3  Default: 0
Changed value of parameter MIPGap to 0.9
   Prev: 0.0001  Min: 0.0  Max: inf  Default: 0.0001
Changed value of parameter Method to 2
   Prev: -1  Min: -1  Max: 5  Default: -1
Gurobi Optimizer version 9.1.2 build v9.1.2rc0 (linux64)
Thread count: 32 physical cores, 32 logical processors, using up to 32 threads
Optimize a model with 157611 rows, 80610 columns and 16161748 nonzeros
Model fingerprint: 0x3ff90d4f
Model has 1728 quadratic constraints
Variable types: 1296 continuous, 79314 integer (79314 binary)
Coefficient statistics:
  Matrix range     [1e-02, 4e+03]
  QMatrix range    [1e+00, 1e+00]
  QLMatrix range   [1e+00, 1e+00]
  Objective range  [1e+00, 2e+01]
  Bounds range     [1e+00, 1e+00]
  RHS range        [1e+00, 4e+03]
  QRHS range       [1e+00, 2e+00]
Presolve removed 21260 rows and 13982 columns (presolve time = 5s) ...
Presolve removed 21272 rows and 14340 columns (presolve time = 11s) ...
Presolve removed 27272 rows and 20951 columns (presolve time = 15s) ...
Presolve removed 28992 rows and 20951 columns (presolve time = 21s) ...
Presolve removed 31484 rows and 22121 columns (presolve time = 25s) ...
Presolve removed 31484 rows and 22121 columns (presolve time = 31s) ...
Presolve removed 31484 rows and 22121 columns (presolve time = 36s) ...
Presolve removed 33887 rows and 22223 columns (presolve time = 41s) ...
Presolve removed 33897 rows and 22228 columns (presolve time = 46s) ...
Presolve removed 33897 rows and 22228 columns (presolve time = 50s) ...
Presolve removed 28485 rows and 18520 columns
Presolve time: 50.13s
Presolved: 129126 rows, 62090 columns, 5926808 nonzeros
Variable types: 0 continuous, 62090 integer (58426 binary)
Root barrier log...

Elapsed ordering time = 5s
Elapsed ordering time = 10s
Ordering time: 21.15s

Barrier statistics:
 Dense cols : 2067
 AA' NZ     : 3.373e+07
 Factor NZ  : 1.411e+08 (roughly 1.2 GBytes of memory)
 Factor Ops : 2.265e+11 (roughly 1 second per iteration)
 Threads    : 32

                  Objective                Residual
Iter       Primal          Dual         Primal    Dual     Compl     Time
   0  -1.22839470e+08 -2.03701600e+06  1.10e+06 1.60e+01  5.73e+05    84s
   1  -9.34377984e+07 -1.17167837e+07  8.41e+05 3.72e+02  3.91e+05    85s
   2  -5.62924696e+07 -2.35711785e+07  5.07e+05 2.27e+02  2.35e+05    87s
   3  -3.58883355e+07 -3.09630136e+07  3.24e+05 1.26e+02  1.46e+05    88s
   4  -2.35624946e+07 -3.65899675e+07  2.12e+05 6.75e+01  9.29e+04    89s
   5  -1.47659657e+07 -4.15145625e+07  1.32e+05 3.84e+01  5.71e+04    90s
   6  -9.58083721e+06 -4.53300747e+07  8.43e+04 2.05e+01  3.62e+04    91s
   7  -5.99873411e+06 -4.72322159e+07  5.12e+04 1.07e+01  2.26e+04    92s
   8  -2.81351091e+06 -4.82659321e+07  2.25e+04 3.74e+00  1.12e+04    94s
   9  -7.57711178e+05 -4.55516920e+07  5.78e+03 2.11e-01  3.11e+03    95s
  10  -2.06927667e+05 -3.54564621e+07  1.54e+03 6.82e-13  9.01e+02    96s
  11  -7.29149023e+04 -1.73603220e+07  5.34e+02 5.12e-13  3.17e+02    97s
  12  -4.29093785e+04 -8.56483923e+06  3.14e+02 4.83e-13  1.70e+02    99s
  13  -2.48220689e+04 -6.22569813e+06  1.82e+02 4.83e-13  1.03e+02   100s
  14  -1.43248478e+04 -4.12957958e+06  1.04e+02 3.98e-13  6.02e+01   101s
  15  -5.72067790e+03 -2.71609023e+06  3.80e+01 3.84e-13  2.76e+01   102s
  16  -1.92602782e+03 -1.56752055e+06  1.01e+01 4.12e-13  1.16e+01   103s
  17  -7.57012142e+02 -8.98842039e+05  2.91e+00 3.94e-13  5.44e+00   104s
  18  -2.42398853e+02 -3.50731736e+05  8.49e-01 3.55e-13  1.91e+00   105s
  19  -7.90860144e+01 -1.08404906e+05  3.77e-01 1.47e-13  6.14e-01   107s
  20  -2.28594325e+01 -5.71958075e+04  2.29e-01 3.99e-13  3.19e-01   108s
  21   1.32183346e+01 -3.39045172e+04  1.34e-01 2.17e-13  1.82e-01   109s
  22   3.10348251e+01 -1.98624785e+04  8.26e-02 9.25e-14  1.06e-01   110s
  23   4.33035827e+01 -8.94598492e+03  4.88e-02 1.77e-13  5.04e-02   111s
  24   5.41668174e+01 -3.09542415e+03  1.11e-02 3.08e-13  1.65e-02   112s
  25   5.38622495e+01 -7.75531030e+02  7.30e-03 2.69e-13  6.07e-03   113s
  26   5.16625487e+01 -1.30116350e+02  2.18e-03 3.01e-13  1.77e-03   115s
  27   4.88465643e+01 -2.93710436e+01  1.17e-03 2.05e-13  8.71e-04   116s
  28   4.61876185e+01  9.30419506e+00  5.65e-04 1.87e-13  4.17e-04   117s
  29   4.48543824e+01  2.78491225e+01  3.57e-04 4.64e-13  2.31e-04   119s
  30   4.36327335e+01  3.32643406e+01  1.98e-04 3.94e-13  1.30e-04   121s
  31   4.26623448e+01  3.67682409e+01  7.83e-05 2.77e-13  5.86e-05   122s
  32   4.22865368e+01  3.89811011e+01  4.17e-05 2.83e-13  3.19e-05   123s
  33   4.20288839e+01  3.96100929e+01  1.66e-05 1.53e-13  1.71e-05   125s
  34   4.18713087e+01  4.13323309e+01  3.93e-06 1.33e-13  3.93e-06   127s
  35   4.18245162e+01  4.16757553e+01  8.75e-07 8.84e-14  9.91e-07   128s
  36   4.18138192e+01  4.17858041e+01  1.98e-07 8.95e-08  2.02e-07   131s
  37   4.18109028e+01  4.18079952e+01  2.05e-08 2.93e-08  2.10e-08   134s
  38   4.18106136e+01  4.18081107e+01  9.24e-09 8.48e-07  1.15e-08   137s
  39   4.18105864e+01  4.18082070e+01  5.30e-09 6.79e-07  1.03e-08   139s
  40   4.18105735e+01  4.18082289e+01  2.80e-09 1.11e-06  9.81e-09   140s
  41   4.18105728e+01  4.18082315e+01  2.67e-09 1.53e-06  9.78e-09   141s
  42   4.18105659e+01  4.18083217e+01  1.34e-09 2.04e-06  9.20e-09   143s
  43   4.18105633e+01  4.18083339e+01  8.28e-10 1.96e-06  9.07e-09   145s
  44   4.18105611e+01  4.18084498e+01  4.13e-10 1.68e-06  8.54e-09   147s
  45   4.18105601e+01  4.18084681e+01  2.06e-10 2.57e-06  8.43e-09   149s
  46   4.18105598e+01  4.18084699e+01  1.49e-10 2.53e-06  8.41e-09   151s
  47   4.18105595e+01  4.18085182e+01  6.06e-11 3.00e-06  8.22e-09   154s
  48   4.18105593e+01  4.18085246e+01  2.87e-11 2.55e-06  8.19e-09   156s
  49   4.18105592e+01  4.18094478e+01  1.44e-10 1.59e-06  4.47e-09   159s
  50   4.18105592e+01  4.18094485e+01  1.28e-10 1.39e-06  4.47e-09   161s
  51   4.18105591e+01  4.18095273e+01  9.24e-10 1.73e-06  4.15e-09   163s
  52   4.18105591e+01  4.18095423e+01  8.53e-10 2.07e-06  4.08e-09   165s
  53   4.18105590e+01  4.18100501e+01  4.27e-10 1.52e-06  2.04e-09   166s
  54   4.18105590e+01  4.18100507e+01  4.27e-10 1.63e-06  2.04e-09   168s
  55   4.18105591e+01  4.18100505e+01  2.98e-09 1.66e-06  2.04e-09   170s
  56   4.18105598e+01  4.18100513e+01  2.98e-08 1.44e-06  2.05e-09   172s
  57   4.18105596e+01  4.18100522e+01  2.14e-08 1.39e-06  2.04e-09   175s
  58   4.18105596e+01  4.18100539e+01  2.04e-08 1.44e-06  2.04e-09   177s
  59   4.18105595e+01  4.18100560e+01  1.86e-08 2.16e-06  2.04e-09   179s
  60   4.18105593e+01  4.18100663e+01  9.60e-09 3.42e-06  1.99e-09   181s
  61   4.18105591e+01  4.18100939e+01  4.83e-09 3.28e-06  1.89e-09   183s
  62   4.18105591e+01  4.18100921e+01  4.79e-09 4.25e-06  1.89e-09   186s
  63   4.18105518e+01  4.18100933e+01  3.08e-06 9.90e-06  1.99e-09   188s

Barrier performed 63 iterations in 188.17 seconds
Sub-optimal termination - objective 4.18109028e+01


Root crossover log...

   11113 DPushes remaining with DInf 2.2200987e-05               189s
     545 DPushes remaining with DInf 0.0000000e+00               190s
       0 DPushes remaining with DInf 0.0000000e+00               191s

   35549 PPushes remaining with PInf 6.3830682e-03               191s
   22038 PPushes remaining with PInf 6.0222493e-04               195s
   17920 PPushes remaining with PInf 3.3206735e-04               200s
   14045 PPushes remaining with PInf 3.0530464e-04               205s
   10922 PPushes remaining with PInf 4.1542879e-04               210s
    7937 PPushes remaining with PInf 6.5688769e-04               215s
    4589 PPushes remaining with PInf 8.2350943e-05               220s
    1602 PPushes remaining with PInf 1.3395915e-04               225s
       0 PPushes remaining with PInf 0.0000000e+00               230s

  Push phase complete: Pinf 0.0000000e+00, Dinf 1.7942109e-14    230s


Root simplex log...

Iteration    Objective       Primal Inf.    Dual Inf.      Time
   37581    4.1810559e+01   0.000000e+00   0.000000e+00    230s
   37581    4.1810559e+01   0.000000e+00   0.000000e+00    230s

Root relaxation: objective 4.181056e+01, 37581 iterations, 177.26 seconds
Total elapsed time = 1110.29s
Total elapsed time = 2459.45s
Total elapsed time = 2927.00s
