All .csv files have been loaded successfully.


Simulation Parameters:
------------------------------------------------------
Initial Time: 05:30:00
Period Length: 5 minutes
Total Operation Hours: 6 hours

Minimum Number of Crew Breaks (nc): 1
Crew Break Duration (Dc): 30 minutes
Maximum Separation Time for Crew Breaks (Tc): 360 minutes

Charging Rate (rv_plus): 15.90% per period
Plugging/Unplugging Time (pc): 1 minutes
------------------------------------------------------

Vset, Wset, Tset, Jset, and Dset have been defined.

Using license file /usr/local/gurobi/9.1.2/gurobi.lic
Set parameter TokenServer to value gurobi.lic.sydney.edu.au
All results matrices have been loaded from files with prefix "6htest_new_cyclelines".

Results loaded successfully.

All constraintrs are ready.

Starting optimization with 0 variables and 0 constraints.

Parameter OutputFlag unchanged
   Value: 1  Min: 0  Max: 1  Default: 1
Changed value of parameter InfUnbdInfo to 1
   Prev: 0  Min: 0  Max: 1  Default: 0
Changed value of parameter Presolve to 1
   Prev: -1  Min: -1  Max: 2  Default: -1
Changed value of parameter ScaleFlag to 0
   Prev: -1  Min: -1  Max: 3  Default: -1
Changed value of parameter NumericFocus to 3
   Prev: 0  Min: 0  Max: 3  Default: 0
Changed value of parameter MIPGap to 1.0
   Prev: 0.0001  Min: 0.0  Max: inf  Default: 0.0001
Changed value of parameter Method to 2
   Prev: -1  Min: -1  Max: 5  Default: -1
Gurobi Optimizer version 9.1.2 build v9.1.2rc0 (linux64)
Thread count: 32 physical cores, 32 logical processors, using up to 32 threads
Optimize a model with 170120 rows, 84643 columns and 17182937 nonzeros
Model fingerprint: 0xd86bf896
Model has 1728 quadratic constraints
Variable types: 1368 continuous, 83275 integer (83275 binary)
Coefficient statistics:
  Matrix range     [3e-03, 4e+03]
  QMatrix range    [1e+00, 1e+00]
  QLMatrix range   [1e+00, 1e+00]
  Objective range  [3e-03, 4e-02]
  Bounds range     [1e+00, 1e+00]
  RHS range        [3e-02, 4e+03]
  QRHS range       [1e+00, 2e+00]

User MIP start produced solution with objective 1 (5.14s)
Loaded user MIP start with objective 1
Processed MIP start in 5.18 seconds

Presolve removed 34689 rows and 19156 columns (presolve time = 6s) ...
Presolve removed 34704 rows and 19540 columns (presolve time = 10s) ...
Presolve removed 41803 rows and 24905 columns (presolve time = 17s) ...
Presolve removed 42630 rows and 24907 columns (presolve time = 20s) ...
Presolve removed 43525 rows and 25705 columns (presolve time = 25s) ...
Presolve removed 49642 rows and 25705 columns (presolve time = 33s) ...
Presolve removed 49678 rows and 25741 columns (presolve time = 35s) ...
Presolve removed 90867 rows and 25751 columns (presolve time = 41s) ...
Presolve removed 94297 rows and 29181 columns (presolve time = 45s) ...
Presolve removed 94297 rows and 29181 columns (presolve time = 50s) ...
Presolve removed 88770 rows and 25297 columns
Presolve time: 50.33s
Presolved: 81350 rows, 59346 columns, 4746663 nonzeros
Variable types: 1311 continuous, 58035 integer (57617 binary)
Root barrier log...

Elapsed ordering time = 5s
Ordering time: 9.04s

Barrier statistics:
 AA' NZ     : 3.204e+07
 Factor NZ  : 1.088e+08 (roughly 1.0 GBytes of memory)
 Factor Ops : 1.892e+11 (roughly 1 second per iteration)
 Threads    : 32

                  Objective                Residual
Iter       Primal          Dual         Primal    Dual     Compl     Time
   0  -5.02999915e+05 -1.72060467e+06  4.98e+05 4.46e-02  5.17e+05    74s
   1  -4.24943973e+05 -1.38514195e+07  4.20e+05 3.79e+02  4.27e+05    75s
   2  -2.06318223e+05 -3.04825069e+07  2.03e+05 1.32e+02  2.13e+05    76s
   3  -1.13351975e+05 -3.70795610e+07  1.11e+05 7.46e+01  1.19e+05    77s
   4  -5.55624186e+04 -4.38265659e+07  5.38e+04 3.18e+01  5.93e+04    78s
   5  -2.64042522e+04 -4.96532117e+07  2.56e+04 8.28e+00  2.85e+04    79s
   6  -4.85953843e+03 -5.14085124e+07  4.70e+03 1.59e-12  5.43e+03    80s
   7  -1.94326519e+03 -4.28593920e+07  1.87e+03 1.36e-12  2.14e+03    81s
   8  -9.51027817e+02 -3.22176860e+07  8.99e+02 1.36e-12  1.03e+03    82s
   9  -5.10813299e+02 -2.10641308e+07  4.69e+02 1.14e-12  5.34e+02    83s
  10  -2.24152459e+02 -1.25212408e+07  1.68e+02 9.09e-13  2.47e+02    84s
  11  -1.22736739e+02 -8.56950473e+06  6.21e+01 6.54e-13  1.39e+02    85s
  12  -9.07531192e+01 -6.02024740e+06  3.73e+01 5.68e-13  9.72e+01    85s
  13  -6.83956228e+01 -4.37822563e+06  2.82e+01 3.84e-13  6.92e+01    86s
  14  -3.97330195e+01 -2.64793331e+06  1.64e+01 3.41e-13  3.79e+01    88s
  15  -1.16800455e+01 -1.60291306e+06  4.95e+00 2.27e-13  1.46e+01    89s
  16  -4.20970317e+00 -8.88334881e+05  1.89e+00 2.27e-13  6.50e+00    89s
  17  -1.62768229e+00 -3.59859363e+05  8.30e-01 1.42e-13  2.46e+00    90s
  18  -4.11589693e-01 -1.60300038e+05  3.33e-01 6.04e-14  1.04e+00    91s
  19   1.79710244e-01 -5.02111541e+04  9.15e-02 3.64e-14  2.99e-01    92s
  20   3.30855239e-01 -1.51368779e+04  2.97e-02 3.49e-14  8.66e-02    93s
  21   3.85598971e-01 -2.95829027e+03  7.21e-03 2.07e-14  1.70e-02    94s
  22   3.99954077e-01 -3.25363565e+02  1.24e-03 4.19e-15  2.00e-03    95s
  23   4.00797412e-01 -4.34582429e+01  1.28e-04 7.20e-16  2.57e-04    96s
  24   3.90507951e-01 -1.38874530e+01  1.31e-05 2.36e-16  7.55e-05    97s
  25   3.78719429e-01 -5.33748598e+00  4.90e-06 9.31e-17  3.02e-05    98s
  26   3.61353815e-01 -1.40219249e+00  2.01e-06 2.49e-17  9.47e-06    99s
  27   3.45052701e-01  2.09193295e-02  6.05e-07 6.94e-18  1.81e-06   101s
  28   3.32889310e-01  2.80723105e-01  7.81e-08 2.02e-12  2.86e-07   102s
  29   3.30841699e-01  3.25277298e-01  8.80e-09 7.95e-12  3.06e-08   104s
  30   3.30605168e-01  3.30048090e-01  8.81e-10 5.65e-12  3.07e-09   105s
  31   3.30581483e-01  3.30525774e-01  8.80e-11 9.48e-12  3.07e-10   107s
  32   3.30579116e-01  3.30573543e-01  8.83e-12 6.53e-12  3.07e-11   108s
  33   3.30578878e-01  3.30578319e-01  1.55e-12 5.29e-12  3.07e-12   110s
  34   3.30578854e-01  3.30578798e-01  1.18e-12 9.40e-12  3.11e-13   111s
  35   3.30578851e-01  3.30578846e-01  2.33e-12 2.12e-11  3.36e-14   112s

Barrier solved model in 35 iterations and 112.39 seconds
Optimal objective 3.30578851e-01


Root crossover log...

    3268 DPushes remaining with DInf 0.0000000e+00               113s
       0 DPushes remaining with DInf 0.0000000e+00               113s

   47874 PPushes remaining with PInf 0.0000000e+00               113s
   26991 PPushes remaining with PInf 0.0000000e+00               115s
   22230 PPushes remaining with PInf 0.0000000e+00               120s
   18373 PPushes remaining with PInf 0.0000000e+00               125s
   14486 PPushes remaining with PInf 0.0000000e+00               130s
   10330 PPushes remaining with PInf 0.0000000e+00               135s
    6244 PPushes remaining with PInf 0.0000000e+00               140s
    3383 PPushes remaining with PInf 0.0000000e+00               145s
       0 PPushes remaining with PInf 0.0000000e+00               150s

  Push phase complete: Pinf 0.0000000e+00, Dinf 1.2192404e-17    150s


Root simplex log...

Iteration    Objective       Primal Inf.    Dual Inf.      Time
   48389    3.3057885e-01   0.000000e+00   0.000000e+00    150s
   48389    3.3057885e-01   0.000000e+00   0.000000e+00    150s

Root relaxation: objective 3.305789e-01, 48389 iterations, 92.85 seconds
Total elapsed time = 573.95s
Total elapsed time = 1559.56s
Total elapsed time = 1560.44s

    Nodes    |    Current Node    |     Objective Bounds      |     Work
 Expl Unexpl |  Obj  Depth IntInf | Incumbent    BestBd   Gap | It/Node Time

     0     0    0.33058    0 2709    1.00000    0.33058  66.9%     - 1561s

Explored 0 nodes (198009 simplex iterations) in 1561.20 seconds
Thread count was 32 (of 32 available processors)

Solution count 1: 1 

Optimal solution found (tolerance 1.00e+00)
Best objective 1.000000000000e+00, best bound 3.306704260652e-01, gap 66.9330%
Optimization completed with status: 2
Solution found!
Objective Function Value: 1.0000000000000009

Optimization was successful. Saving results...
Results saved to ILPimplementation/output_files/6htest_new_cyclelines_x_ld_results_5.2.2.csv with 77 entries.
Results saved to ILPimplementation/output_files/6htest_new_cyclelines_y_vjt_results_5.2.2.csv with 75240 entries.
Results saved to ILPimplementation/output_files/6htest_new_cyclelines_Q_vt_results_5.2.2.csv with 1368 entries.
Results saved to ILPimplementation/output_files/6htest_new_cyclelines_z_wj_results_5.2.2.csv with 109 entries.
Results saved to ILPimplementation/output_files/6htest_new_cyclelines_Z_lwt_results_5.2.2.csv with 3888 entries.
Results saved to ILPimplementation/output_files/6htest_new_cyclelines_Z_prime_lwt_results_5.2.2.csv with 3888 entries.
