All .csv files have been loaded successfully.


Simulation Parameters:
------------------------------------------------------
Initial Time: 05:30:00
Period Length: 5 minutes
Total Operation Hours: 6 hours

Minimum Number of Crew Breaks (nc): 1
Crew Break Duration (Dc): 30 minutes
Maximum Separation Time for Crew Breaks (Tc): 360 minutes

Charging Rate (rv_plus): 16.00% per period
Plugging/Unplugging Time (pc): 1 minutes
------------------------------------------------------

B+, set of wharves to charge:['CQ2', 'CQ4', 'CQ5', 'Bar1', 'Bar2']
Bc, set of wharves to crew pause:['cp_CQ1', 'cp_CQ2', 'cp_CQ3', 'cp_CQ4', 'cp_CQ5', 'cp_Bar1', 'cp_Bar2', 'cp_Bar4', 'cp_Bar5', 'cp_BSY1', 'cp_BSY2', 'cp_BSY3', 'cp_BSY4', 'cp_BSY5', 'cp_BSY6']
B, set of wharves to wait:['CQ1', 'CQ3', 'CI1', 'Bar4', 'Bar5', 'PB1', 'Mos1', 'TZ1', 'WB1', 'RB1', 'DB1', 'BSY1', 'BSY2', 'BSY3', 'BSY4', 'BSY5', 'BSY6', 'BWB1', 'NB1', 'phi_CQ2', 'phi_CQ4', 'phi_CQ5', 'phi_Bar1', 'phi_Bar2']
Vset, Wset, Tset, Jset, and Dset have been defined.

Using license file /usr/local/gurobi/9.1.2/gurobi.lic
Set parameter TokenServer to value gurobi.lic.sydney.edu.au
All results matrices have been loaded from files with prefix "6htest_v6".

Results loaded successfully.

All constraintrs are ready.

Starting optimization with 0 variables and 0 constraints.

Parameter OutputFlag unchanged
   Value: 1  Min: 0  Max: 1  Default: 1
Changed value of parameter InfUnbdInfo to 1
   Prev: 0  Min: 0  Max: 1  Default: 0
Changed value of parameter Presolve to 1
   Prev: -1  Min: -1  Max: 2  Default: -1
Changed value of parameter ScaleFlag to 0
   Prev: -1  Min: -1  Max: 3  Default: -1
Changed value of parameter NumericFocus to 3
   Prev: 0  Min: 0  Max: 3  Default: 0
Changed value of parameter MIPGap to 0.2
   Prev: 0.0001  Min: 0.0  Max: inf  Default: 0.0001
Changed value of parameter Method to 2
   Prev: -1  Min: -1  Max: 5  Default: -1
Changed value of parameter TimeLimit to 432000.0
   Prev: inf  Min: 0.0  Max: inf  Default: inf
Gurobi Optimizer version 9.1.2 build v9.1.2rc0 (linux64)
Thread count: 64 physical cores, 64 logical processors, using up to 32 threads
Optimize a model with 170066 rows, 84715 columns and 17186663 nonzeros
Model fingerprint: 0x2ab8ee8f
Model has 1799 quadratic constraints
Variable types: 1440 continuous, 83275 integer (83275 binary)
Coefficient statistics:
  Matrix range     [4e-03, 4e+03]
  QMatrix range    [1e+00, 1e+00]
  QLMatrix range   [1e+00, 1e+00]
  Objective range  [4e-04, 9e-01]
  Bounds range     [1e+00, 1e+00]
  RHS range        [3e-02, 4e+03]
  QRHS range       [1e+00, 2e+00]

User MIP start produced solution with objective 0.1 (6.15s)
Loaded user MIP start with objective 0.1
Processed MIP start in 6.26 seconds

Presolve removed 32237 rows and 16916 columns (presolve time = 5s) ...
Presolve removed 32344 rows and 17035 columns (presolve time = 11s) ...
Presolve removed 37089 rows and 19159 columns (presolve time = 16s) ...
Presolve removed 40380 rows and 19985 columns (presolve time = 20s) ...
Presolve removed 41262 rows and 23035 columns (presolve time = 26s) ...
Presolve removed 43228 rows and 24253 columns (presolve time = 30s) ...
Presolve removed 49356 rows and 24272 columns (presolve time = 39s) ...
Presolve removed 49392 rows and 24308 columns (presolve time = 40s) ...
Presolve removed 90586 rows and 24321 columns (presolve time = 45s) ...
Presolve removed 94049 rows and 27784 columns (presolve time = 50s) ...
Presolve removed 94049 rows and 27784 columns (presolve time = 58s) ...
Presolve removed 88556 rows and 23900 columns
Presolve time: 58.29s
Presolved: 985247 rows, 964191 columns, 8279496 nonzeros
Variable types: 1311 continuous, 962880 integer (962424 binary)
Root barrier log...

Elapsed ordering time = 5s
Elapsed ordering time = 10s
Elapsed ordering time = 15s
Elapsed ordering time = 20s
Elapsed ordering time = 32s
Elapsed ordering time = 35s
Elapsed ordering time = 40s
Ordering time: 152.16s

Barrier statistics:
 Dense cols : 13
 AA' NZ     : 1.939e+08
 Factor NZ  : 1.986e+09 (roughly 17.0 GBytes of memory)
 Factor Ops : 4.803e+12 (roughly 12 seconds per iteration)
 Threads    : 32

                  Objective                Residual
Iter       Primal          Dual         Primal    Dual     Compl     Time
   0   2.69858069e+05 -8.73047428e+08  4.98e+05 5.86e-03  9.73e+05   307s
   1   2.50479438e+05 -1.05736827e+09  4.39e+05 6.99e+02  8.61e+05   324s
   2   1.78336338e+05 -1.23881140e+09  2.87e+05 5.88e+02  5.73e+05   346s
   3   1.16702855e+05 -1.53056800e+09  1.76e+05 3.03e+02  3.53e+05   371s
   4   7.84453723e+04 -1.71273807e+09  1.13e+05 1.71e+02  2.33e+05   392s
   5   4.75944561e+04 -1.82256208e+09  6.80e+04 1.04e+02  1.42e+05   410s
   6   1.94993445e+04 -1.98143445e+09  2.73e+04 1.64e+01  5.87e+04   428s
   7   4.86868029e+03 -1.97131301e+09  6.55e+03 2.61e-12  1.45e+04   446s
   8   2.21246094e+03 -1.83794920e+09  2.82e+03 2.96e-12  6.34e+03   467s
   9   6.25987988e+02 -1.53285625e+09  5.91e+02 2.16e-12  1.65e+03   492s
  10   4.03342790e+02 -1.19225351e+09  2.74e+02 1.59e-12  8.86e+02   513s
  11   3.43235121e+02 -9.97049914e+08  1.87e+02 1.59e-12  6.47e+02   531s
  12   3.04879441e+02 -8.27766237e+08  1.32e+02 9.09e-13  4.87e+02   549s
  13   2.69370315e+02 -5.87592335e+08  8.35e+01 1.19e-12  3.13e+02   567s
  14   2.18711218e+02 -3.25574275e+08  3.65e+01 6.25e-13  1.46e+02   588s
  15   1.94707713e+02 -1.74350591e+08  1.60e+01 4.83e-13  7.01e+01   613s
  16   1.85393251e+02 -1.21884191e+08  7.90e+00 4.12e-13  4.64e+01   634s
  17   1.81109651e+02 -7.96109081e+07  4.13e+00 3.41e-13  2.95e+01   652s
  18   1.78992909e+02 -4.21556257e+07  2.12e+00 3.00e-13  1.54e+01   670s
  19   1.77856433e+02 -1.84908149e+07  1.05e+00 2.74e-13  6.69e+00   688s
  20   1.77297397e+02 -8.13947131e+06  4.24e-01 1.44e-13  2.93e+00   706s
  21   1.77105591e+02 -3.48649854e+06  9.94e-02 9.30e-14  1.25e+00   727s
  22   1.77086445e+02 -7.34748369e+05  1.88e-02 6.88e-14  2.62e-01   750s
  23   1.77118153e+02 -1.62870787e+05  2.63e-03 2.51e-14  5.81e-02   770s
  24   1.76798752e+02 -1.93572894e+04  3.97e-04 6.08e-15  6.97e-03   788s
  25   1.73084192e+02 -2.02358824e+03  4.28e-05 7.74e-16  7.83e-04   805s
  26   1.28334561e+02 -2.54512513e+02  4.29e-06 1.25e-16  1.36e-04   826s
  27   2.64900472e+01 -5.12194574e+01  4.58e-07 2.78e-17  2.76e-05   844s
  28   3.66630804e+00 -1.37922809e+01  6.25e-08 6.51e-18  6.21e-06   880s
  29   1.90014133e+00 -5.04700756e+00  4.02e-08 4.35e-13  2.47e-06   906s
  30   1.55390549e+00 -3.88605788e+00  4.34e-08 5.03e-12  1.94e-06   937s
  31   8.71814478e-01 -2.14638436e+00  2.31e-08 8.50e-13  1.07e-06   961s
  32   5.40141002e-01 -9.46284333e-01  1.37e-08 3.24e-08  5.29e-07   994s
  33   4.08643559e-01 -7.53886329e-01  1.05e-08 2.12e-08  4.14e-07  1013s
  34   3.69458722e-01 -6.43029182e-01  1.61e-08 1.58e-08  3.60e-07  1034s
  35   2.54408741e-01 -5.39776054e-01  1.03e-08 1.43e-08  2.83e-07  1053s
  36   1.25280055e-01 -9.15952443e-02  7.20e-09 2.19e-08  7.72e-08  1082s
  37   4.53154550e-02 -7.98645919e-02  1.39e-08 3.15e-06  4.45e-08  1111s
  38   2.77194772e-02 -7.30384043e-02  1.30e-08 5.07e-06  3.58e-08  1150s
  39   1.37872971e-02 -5.95732639e-03  3.79e-09 9.62e-07  7.02e-09  1171s
  40   1.11811045e-02  2.52570433e-03  4.53e-08 3.38e-06  3.08e-09  1194s
  41   1.11730501e-02  2.52552872e-03  4.50e-08 1.32e-06  3.08e-09  1215s
  42   1.11659910e-02  2.53400102e-03  4.48e-08 4.63e-06  3.07e-09  1237s
  43   1.20168652e-02  4.43483198e-03  5.50e-07 2.89e-06  2.71e-09  1327s
  44   9.99140917e-03  9.21782658e-03  5.46e-08 1.10e-06  2.76e-10  1375s
  45   9.79023874e-03  9.70461563e-03  2.87e-07 9.77e-07  3.03e-11  1414s
  46   9.76821221e-03  9.75828642e-03  8.04e-08 8.65e-07  3.24e-12  1453s

Barrier solved model in 46 iterations and 1453.01 seconds
Optimal objective 9.76821221e-03


Root crossover log...

    3444 DPushes remaining with DInf 0.0000000e+00              1456s
       0 DPushes remaining with DInf 0.0000000e+00              1457s

   58731 PPushes remaining with PInf 0.0000000e+00              1457s
   31812 PPushes remaining with PInf 0.0000000e+00              1460s
   29006 PPushes remaining with PInf 0.0000000e+00              1465s
   26883 PPushes remaining with PInf 0.0000000e+00              1470s
   24414 PPushes remaining with PInf 0.0000000e+00              1476s
   21956 PPushes remaining with PInf 0.0000000e+00              1482s
   20761 PPushes remaining with PInf 0.0000000e+00              1485s
   18669 PPushes remaining with PInf 0.0000000e+00              1490s
   17162 PPushes remaining with PInf 0.0000000e+00              1495s
   15226 PPushes remaining with PInf 0.0000000e+00              1500s
   13545 PPushes remaining with PInf 0.0000000e+00              1506s
   11903 PPushes remaining with PInf 0.0000000e+00              1512s
   10770 PPushes remaining with PInf 0.0000000e+00              1517s
    9626 PPushes remaining with PInf 0.0000000e+00              1522s
    8446 PPushes remaining with PInf 0.0000000e+00              1526s
    7116 PPushes remaining with PInf 0.0000000e+00              1531s
    5796 PPushes remaining with PInf 0.0000000e+00              1537s
    4411 PPushes remaining with PInf 0.0000000e+00              1542s
       0 PPushes remaining with PInf 0.0000000e+00              1546s

  Push phase complete: Pinf 0.0000000e+00, Dinf 8.2515885e-17   1546s


Root simplex log...

Iteration    Objective       Primal Inf.    Dual Inf.      Time
   59329    9.7656250e-03   0.000000e+00   0.000000e+00   1546s
   59329    9.7656250e-03   0.000000e+00   0.000000e+00   1547s

Root relaxation: objective 9.765625e-03, 59329 iterations, 1432.92 seconds
Total elapsed time = 1547.92s
Total elapsed time = 4686.51s
Total elapsed time = 6220.95s
Total elapsed time = 7182.59s
Total elapsed time = 7678.34s
Total elapsed time = 8049.87s
Total elapsed time = 8051.37s

    Nodes    |    Current Node    |     Objective Bounds      |     Work
 Expl Unexpl |  Obj  Depth IntInf | Incumbent    BestBd   Gap | It/Node Time

     0     0    0.00977    0 2543    0.10000    0.00977  90.2%     - 8053s
H    0     0                       0.0710937    0.00977  86.3%     - 8302s
H    0     0                       0.0566406    0.00977  82.8%     - 8490s
     0     1    0.00977    0 1991    0.05664    0.00977  82.8%     - 39304s
     1     2    0.00977    1 2513    0.05664    0.00977  82.8% 198237 40899s
     2     2 infeasible    2         0.05664    0.00977  82.8% 99606 42531s
     4     4    0.00977    3 2746    0.05664    0.00977  82.8% 52618 44325s
     6     8    0.00977    4 2800    0.05664    0.00977  82.8% 37272 47842s
    10    15    0.00977    5 3162    0.05664    0.00977  82.8% 31306 55606s
    18    28    0.00977    6 2961    0.05664    0.00977  82.8% 51331 57334s
    33    56    0.00977    7 2994    0.05664    0.00977  82.8% 31836 92100s
    61    86    0.00977    8 2674    0.05664    0.00977  82.8% 27397 94850s
    93   114    0.00977    9 2643    0.05664    0.00977  82.8% 20781 95284s
   125   144    0.00977    9 2716    0.05664    0.00977  82.8% 16574 102914s
   129   144    0.00977    9 3047    0.05664    0.00977  82.8% 16151 102916s
   157   176    0.00977   10 2533    0.05664    0.00977  82.8% 13802 103367s
   189   230    0.00977   11 2508    0.05664    0.00977  82.8% 12065 106879s
   245   285 infeasible   13         0.05664    0.00977  82.8% 10157 107357s
   304   468    0.00977   14 2446    0.05664    0.00977  82.8%  8861 109306s
   503   828    0.00977   17 2453    0.05664    0.00977  82.8%  6341 114306s
   909  1304    0.00977   27 2054    0.05664    0.00977  82.8%  4635 117883s
  1435  1804    0.00977   37 1934    0.05664    0.00977  82.8%  3690 119107s
  1979  2330    0.00996   50 1700    0.05664    0.00977  82.8%  3139 120124s
  2523  2845    0.00996   61 1506    0.05664    0.00977  82.8%  2824 122054s
  3048  3352    0.01010   70 1414    0.05664    0.00977  82.8%  2633 123060s
  3587  3831    0.01109   81 1425    0.05664    0.00977  82.8%  2470 124027s
  4119  4297    0.01086   93 1400    0.05664    0.00977  82.8%  2342 124962s
  4642  4750    0.01087  104 1430    0.05664    0.00977  82.8%  2234 125866s
  5144  5213    0.01204  114 1333    0.05664    0.00977  82.8%  2151 126645s
  5661  5723    0.01089  128 1305    0.05664    0.00977  82.8%  2050 127384s
  6190  6209    0.01113  141 1311    0.05664    0.00977  82.8%  1948 128140s
  6714  6714    0.01097  152 1318    0.05664    0.00977  82.8%  1847 128759s
  7247  7246    0.01097  164 1325    0.05664    0.00977  82.8%  1751 129191s
  7789  7781    0.01097  175 1301    0.05664    0.00977  82.8%  1664 129599s
  8332  8296    0.01097  187 1339    0.05664    0.00977  82.8%  1586 130053s
  8867  8806    0.01097  199 1336    0.05664    0.00977  82.8%  1520 130488s
  9397  9312    0.01097  211 1243    0.05664    0.00977  82.8%  1461 130828s
  9923  9828    0.01097  224 1199    0.05664    0.00977  82.8%  1408 131206s
 10452 10331    0.01230  234 1168    0.05664    0.00977  82.8%  1361 131572s
 10987 10841    0.01157  246 1139    0.05664    0.00977  82.8%  1314 131917s
 11515 11354    0.01113  257 1166    0.05664    0.00977  82.8%  1272 132260s
 12050 11881    0.01113  268 1183    0.05664    0.00977  82.8%  1232 132583s
 12579 12410    0.01113  279 1191    0.05664    0.00977  82.8%  1194 132898s
H13112 12441                       0.0437500    0.00977  77.7%  1160 155242s
H13117 12441                       0.0363281    0.00977  73.1%  1160 155244s
H13122 12441                       0.0339844    0.00977  71.3%  1159 155244s
H13125 12441                       0.0304687    0.00977  67.9%  1159 155245s
 13146 12961    0.01160  293 1185    0.03047    0.00977  67.9%  1158 155543s
 13682 13467    0.01231  304 1141    0.03047    0.00977  67.9%  1127 155871s
 14216 13973    0.01160  317 1127    0.03047    0.00977  67.9%  1097 156318s
 14751 13974    0.00996   93 343095    0.03047    0.00977  67.9%  1071 271861s
 14753 13975    0.00996   16 2103    0.03047    0.00977  67.9%  1071 277370s
 14754 13976    0.01346  201 2103    0.03047    0.01016  66.7%  1071 336928s
 14755 13980    0.01016   14 2646    0.03047    0.01016  66.7%  1101 429731s
 14757 13983    0.01016   15 2705    0.03047    0.01016  66.7%  1102 432128s

Cutting planes:
  Cover: 84
  Implied bound: 137

Explored 14761 nodes (16698902 simplex iterations) in 432131.90 seconds
Thread count was 32 (of 64 available processors)

Solution count 8: 0.0304687 0.0339844 0.0363281 ... 0.1

Time limit reached
Best objective 3.046875000000e-02, best bound 1.015625000000e-02, gap 66.6667%
Optimization completed with status: 9
Solution found or partially solved!
Vessel Utilization Value: 19.0
Rebalancing Time Value: 78.0
Total panalise of tasks: 0.0
A feasible solution was found within the time limit.
Best objective value within time limit: 0.03046875000000071

Curent version is version6.3.3 alpha = 0.9, and the model results is based on the version6.3 files

 

Optimization was successful or partially solved. Saving results...
Results saved to ILPimplementation/output_files/version6.3.3 alpha = 0.9_x_ld_results.csv with 77 entries.
Results saved to ILPimplementation/output_files/version6.3.3 alpha = 0.9_y_vjt_results.csv with 75240 entries.
Results saved to ILPimplementation/output_files/version6.3.3 alpha = 0.9_Q_vt_results.csv with 1368 entries.
Results saved to ILPimplementation/output_files/version6.3.3 alpha = 0.9_z_wj_results.csv with 109 entries.
Results saved to ILPimplementation/output_files/version6.3.3 alpha = 0.9_Z_lwt_results.csv with 3888 entries.
Results saved to ILPimplementation/output_files/version6.3.3 alpha = 0.9_Z_prime_lwt_results.csv with 3888 entries.
