All .csv files have been loaded successfully.


Simulation Parameters:
------------------------------------------------------
Initial Time: 05:30:00
Period Length: 5 minutes
Total Operation Hours: 6 hours

Minimum Number of Crew Breaks (nc): 1
Crew Break Duration (Dc): 10 minutes
Maximum Separation Time for Crew Breaks (Tc): 240 minutes

Charging Rate (rv_plus): 15.91% per period
Plugging/Unplugging Time (pc): 2 minutes
------------------------------------------------------

Vset, Wset, Tset, Jset, and Dset have been defined.

Using license file /usr/local/gurobi/9.1.2/gurobi.lic
Set parameter TokenServer to value gurobi.lic.sydney.edu.au
All results matrices have been loaded from files with prefix "6htest_cyclelines".

Results loaded successfully.

All constraintrs are ready.

Starting optimization with 0 variables and 0 constraints.

Parameter OutputFlag unchanged
   Value: 1  Min: 0  Max: 1  Default: 1
Changed value of parameter InfUnbdInfo to 1
   Prev: 0  Min: 0  Max: 1  Default: 0
Changed value of parameter Presolve to 1
   Prev: -1  Min: -1  Max: 2  Default: -1
Changed value of parameter ScaleFlag to 0
   Prev: -1  Min: -1  Max: 3  Default: -1
Changed value of parameter NumericFocus to 3
   Prev: 0  Min: 0  Max: 3  Default: 0
Changed value of parameter MIPGap to 0.9
   Prev: 0.0001  Min: 0.0  Max: inf  Default: 0.0001
Changed value of parameter Method to 2
   Prev: -1  Min: -1  Max: 5  Default: -1
Gurobi Optimizer version 9.1.2 build v9.1.2rc0 (linux64)
Thread count: 32 physical cores, 32 logical processors, using up to 32 threads
Optimize a model with 208341 rows, 104808 columns and 21549470 nonzeros
Model fingerprint: 0xfd44696f
Model has 1728 quadratic constraints
Variable types: 1728 continuous, 103080 integer (103080 binary)
Coefficient statistics:
  Matrix range     [1e-02, 4e+03]
  QMatrix range    [1e+00, 1e+00]
  QLMatrix range   [1e+00, 1e+00]
  Objective range  [1e+00, 2e+01]
  Bounds range     [1e+00, 1e+00]
  RHS range        [1e+00, 4e+03]
  QRHS range       [1e+00, 2e+00]
Presolve removed 25618 rows and 15579 columns (presolve time = 5s) ...
Presolve removed 25901 rows and 15617 columns (presolve time = 11s) ...
Presolve removed 26017 rows and 16674 columns (presolve time = 15s) ...
Presolve removed 32004 rows and 21400 columns (presolve time = 21s) ...
Presolve removed 37866 rows and 25416 columns (presolve time = 27s) ...
Presolve removed 37953 rows and 25645 columns (presolve time = 30s) ...
Presolve removed 40982 rows and 25703 columns (presolve time = 37s) ...
Presolve removed 41060 rows and 25846 columns (presolve time = 41s) ...
Presolve removed 41140 rows and 26011 columns (presolve time = 45s) ...
Presolve removed 41145 rows and 26016 columns (presolve time = 52s) ...
Presolve removed 41145 rows and 26016 columns (presolve time = 55s) ...
Presolve removed 42434 rows and 26070 columns (presolve time = 61s) ...
Presolve removed 42434 rows and 26070 columns (presolve time = 65s) ...
Presolve removed 42435 rows and 26071 columns (presolve time = 71s) ...
Presolve removed 35777 rows and 21117 columns
Presolve time: 70.90s
Presolved: 172564 rows, 83691 columns, 7697970 nonzeros
Variable types: 0 continuous, 83691 integer (78787 binary)
Root barrier log...

Elapsed ordering time = 5s
Elapsed ordering time = 10s
Elapsed ordering time = 15s
Elapsed ordering time = 20s
Ordering time: 30.20s

Barrier statistics:
 Dense cols : 2985
 AA' NZ     : 4.110e+07
 Factor NZ  : 1.657e+08 (roughly 1.4 GBytes of memory)
 Factor Ops : 2.544e+11 (roughly 1 second per iteration)
 Threads    : 32

                  Objective                Residual
Iter       Primal          Dual         Primal    Dual     Compl     Time
   0  -1.64662436e+08 -3.71458400e+06  1.13e+06 1.60e+01  5.75e+05   118s
   1  -1.32816743e+08 -2.04744373e+07  9.14e+05 3.43e+02  3.96e+05   119s
   2  -7.19482944e+07 -3.96957754e+07  4.96e+05 2.19e+02  2.25e+05   121s
   3  -4.58758034e+07 -5.25878358e+07  3.17e+05 1.38e+02  1.43e+05   123s
   4  -3.57398531e+07 -6.43288068e+07  2.47e+05 8.34e+01  1.06e+05   124s
   5  -2.60720737e+07 -7.31746533e+07  1.80e+05 4.84e+01  7.61e+04   126s
   6  -1.56688174e+07 -7.84910212e+07  1.08e+05 3.60e+01  4.60e+04   127s
   7  -1.11212853e+07 -8.46236704e+07  7.61e+04 1.95e+01  3.22e+04   128s
   8  -5.24968214e+06 -8.81309066e+07  3.47e+04 1.10e+01  1.58e+04   130s
   9  -2.84838501e+06 -8.88108199e+07  1.79e+04 5.74e+00  8.68e+03   131s
  10  -1.25881019e+06 -8.54802661e+07  7.40e+03 5.45e-01  3.84e+03   133s
  11  -3.53594637e+05 -6.16781802e+07  1.96e+03 1.36e-12  1.13e+03   135s
  12  -2.16814470e+05 -3.59466923e+07  1.18e+03 1.25e-12  6.42e+02   136s
  13  -1.00228450e+05 -1.96622395e+07  5.29e+02 8.53e-13  2.92e+02   137s
  14  -7.49432557e+04 -1.23437770e+07  3.89e+02 6.82e-13  2.04e+02   139s
  15  -5.47766266e+04 -9.19268598e+06  2.68e+02 7.11e-13  1.47e+02   140s
  16  -2.89123202e+04 -6.09529223e+06  1.36e+02 3.84e-13  7.97e+01   142s
  17  -1.45104898e+04 -4.46935374e+06  6.29e+01 4.83e-13  4.29e+01   143s
  18  -4.50809843e+03 -2.59912484e+06  1.25e+01 3.62e-13  1.59e+01   145s
  19  -1.39801913e+03 -1.91496680e+06  2.65e+00 2.66e-13  8.02e+00   146s
  20  -1.75254832e+02 -7.61508466e+05  1.91e-01 2.54e-13  2.49e+00   147s
  21   4.49640943e+01 -1.10593363e+05  1.54e-02 8.79e-14  3.35e-01   149s
  22   6.57278402e+01 -1.46388676e+04  1.49e-03 1.81e-14  4.42e-02   151s
  23   6.20567763e+01 -4.72892940e+03  1.48e-04 5.76e-15  1.44e-02   152s
  24   5.86689782e+01 -1.37490763e+03  8.33e-05 1.62e-15  4.30e-03   154s
  25   5.35607425e+01 -5.33177384e+02  4.90e-05 6.71e-16  1.76e-03   155s
  26   4.33573282e+01 -1.39232119e+02  1.75e-05 2.03e-16  5.48e-04   156s
  27   3.93848744e+01 -5.10822521e+01  1.11e-05 1.03e-16  2.71e-04   158s
  28   3.80020228e+01 -2.31490636e+01  9.57e-06 6.82e-17  1.83e-04   159s
  29   3.70536724e+01 -4.91501145e+00  8.64e-06 4.40e-17  1.26e-04   161s
  30   3.59470010e+01  6.49539704e+00  7.45e-06 2.81e-17  8.84e-05   162s
  31   3.21824981e+01  2.66601731e+01  1.63e-06 6.21e-18  1.66e-05   164s
  32   3.11201319e+01  3.05031337e+01  1.62e-07 8.71e-19  1.85e-06   166s
  33   3.10120250e+01  3.09502215e+01  1.63e-08 1.60e-19  1.85e-07   167s
  34   3.10012025e+01  3.09950220e+01  1.63e-09 2.23e-20  1.85e-08   168s
  35   3.10001203e+01  3.09995022e+01  1.63e-10 2.49e-14  1.85e-09   170s
  36   3.10000120e+01  3.09999502e+01  1.61e-11 4.96e-14  1.85e-10   171s
  37   3.10000012e+01  3.09999950e+01  1.61e-12 5.65e-14  1.85e-11   173s

Barrier solved model in 37 iterations and 172.64 seconds
Optimal objective 3.10000012e+01


Root crossover log...

      46 DPushes remaining with DInf 0.0000000e+00               173s
       0 DPushes remaining with DInf 0.0000000e+00               174s

   72593 PPushes remaining with PInf 0.0000000e+00               174s
   58456 PPushes remaining with PInf 0.0000000e+00               175s
   54355 PPushes remaining with PInf 0.0000000e+00               180s
   49439 PPushes remaining with PInf 0.0000000e+00               185s
   45427 PPushes remaining with PInf 0.0000000e+00               190s
   42147 PPushes remaining with PInf 0.0000000e+00               195s
   38612 PPushes remaining with PInf 0.0000000e+00               200s
   35735 PPushes remaining with PInf 0.0000000e+00               205s
   32624 PPushes remaining with PInf 0.0000000e+00               211s
   30540 PPushes remaining with PInf 0.0000000e+00               215s
   27986 PPushes remaining with PInf 0.0000000e+00               220s
   25455 PPushes remaining with PInf 0.0000000e+00               225s
   22830 PPushes remaining with PInf 0.0000000e+00               230s
   21006 PPushes remaining with PInf 0.0000000e+00               235s
   18753 PPushes remaining with PInf 0.0000000e+00               241s
   16983 PPushes remaining with PInf 0.0000000e+00               245s
   14941 PPushes remaining with PInf 0.0000000e+00               251s
   12536 PPushes remaining with PInf 0.0000000e+00               255s
   10158 PPushes remaining with PInf 0.0000000e+00               260s
    8950 PPushes remaining with PInf 0.0000000e+00               265s
    6882 PPushes remaining with PInf 0.0000000e+00               270s
    5314 PPushes remaining with PInf 0.0000000e+00               275s
    3643 PPushes remaining with PInf 0.0000000e+00               281s
    1886 PPushes remaining with PInf 0.0000000e+00               285s
       0 PPushes remaining with PInf 0.0000000e+00               289s

  Push phase complete: Pinf 0.0000000e+00, Dinf 7.0473141e-19    289s


Root simplex log...

Iteration    Objective       Primal Inf.    Dual Inf.      Time
   72642    3.1000000e+01   0.000000e+00   0.000000e+00    289s
   72642    3.1000000e+01   0.000000e+00   0.000000e+00    290s

Root relaxation: objective 3.100000e+01, 72642 iterations, 215.15 seconds
Total elapsed time = 1936.15s

    Nodes    |    Current Node    |     Objective Bounds      |     Work
 Expl Unexpl |  Obj  Depth IntInf | Incumbent    BestBd   Gap | It/Node Time

     0     0   31.00000    0 10158          -   31.00000      -     - 1938s
     0     2   31.00000    0 10158          -   31.00000      -     - 7600s
     1     4   31.00000    1 9932          -   31.00000      - 157458 12279s
     2     4   31.00000    1 9949          -   31.00000      - 94438 12280s
     3     8   31.00000    2 10022          -   31.00000      - 220637 31657s
     7    16   31.00000    3 10488          -   31.00000      - 178508 38949s
    11    16   31.00000    3 10412          -   31.00000      - 141107 38950s
