All .csv files have been loaded successfully.


Simulation Parameters:
------------------------------------------------------
Initial Time: 05:30:00
Period Length: 5 minutes
Total Operation Hours: 6 hours

Minimum Number of Crew Breaks (nc): 1
Crew Break Duration (Dc): 10 minutes
Maximum Separation Time for Crew Breaks (Tc): 360 minutes

Charging Rate (rv_plus): 15.91% per period
Plugging/Unplugging Time (pc): 2 minutes
------------------------------------------------------

Vset, Wset, Tset, Jset, and Dset have been defined.

Using license file /usr/local/gurobi/9.1.2/gurobi.lic
Set parameter TokenServer to value gurobi.lic.sydney.edu.au
All results matrices have been loaded from files with prefix "6htest_cyclelines".

Results loaded successfully.

All constraintrs are ready.

Starting optimization with 0 variables and 0 constraints.

Parameter OutputFlag unchanged
   Value: 1  Min: 0  Max: 1  Default: 1
Changed value of parameter InfUnbdInfo to 1
   Prev: 0  Min: 0  Max: 1  Default: 0
Changed value of parameter Presolve to 1
   Prev: -1  Min: -1  Max: 2  Default: -1
Changed value of parameter ScaleFlag to 0
   Prev: -1  Min: -1  Max: 3  Default: -1
Changed value of parameter NumericFocus to 3
   Prev: 0  Min: 0  Max: 3  Default: 0
Changed value of parameter MIPGap to 0.9
   Prev: 0.0001  Min: 0.0  Max: inf  Default: 0.0001
Changed value of parameter Method to 2
   Prev: -1  Min: -1  Max: 5  Default: -1
Gurobi Optimizer version 9.1.2 build v9.1.2rc0 (linux64)
Thread count: 48 physical cores, 48 logical processors, using up to 32 threads
Optimize a model with 146352 rows, 74615 columns and 14910041 nonzeros
Model fingerprint: 0x77d91e8d
Model has 1728 quadratic constraints
Variable types: 1224 continuous, 73391 integer (73391 binary)
Coefficient statistics:
  Matrix range     [1e-02, 4e+03]
  QMatrix range    [1e+00, 1e+00]
  QLMatrix range   [1e+00, 1e+00]
  Objective range  [1e+00, 2e+01]
  Bounds range     [1e+00, 1e+00]
  RHS range        [1e+00, 4e+03]
  QRHS range       [1e+00, 2e+00]
Presolve removed 27134 rows and 16443 columns (presolve time = 7s) ...
Presolve removed 27139 rows and 16781 columns (presolve time = 11s) ...
Presolve removed 31841 rows and 21778 columns (presolve time = 17s) ...
Presolve removed 32250 rows and 21808 columns (presolve time = 20s) ...
Presolve removed 32724 rows and 22216 columns (presolve time = 25s) ...
Presolve removed 33132 rows and 22216 columns (presolve time = 30s) ...
Presolve removed 33132 rows and 22216 columns (presolve time = 38s) ...
Presolve removed 36035 rows and 22320 columns (presolve time = 41s) ...
Presolve removed 36063 rows and 22336 columns (presolve time = 45s) ...
Presolve removed 30913 rows and 18847 columns
Presolve time: 48.75s
Presolved: 115439 rows, 55768 columns, 4708254 nonzeros
Variable types: 0 continuous, 55768 integer (52316 binary)
Root barrier log...

Elapsed ordering time = 5s
Ordering time: 14.49s

Barrier statistics:
 Dense cols : 757
 AA' NZ     : 2.914e+07
 Factor NZ  : 1.102e+08 (roughly 1.0 GBytes of memory)
 Factor Ops : 1.476e+11 (less than 1 second per iteration)
 Threads    : 32

                  Objective                Residual
Iter       Primal          Dual         Primal    Dual     Compl     Time
   0  -8.74101608e+07 -1.49788400e+06  9.59e+05 1.50e+01  5.69e+05    74s
   1  -6.00631692e+07 -7.14042574e+06  6.59e+05 4.25e+02  3.87e+05    74s
   2  -4.62707487e+07 -1.58219309e+07  5.08e+05 2.55e+02  2.73e+05    75s
   3  -3.50197181e+07 -2.09661032e+07  3.85e+05 1.79e+02  1.99e+05    76s
   4  -2.63081013e+07 -2.25699698e+07  2.90e+05 1.56e+02  1.57e+05    77s
   5  -2.40303711e+07 -2.54205196e+07  2.65e+05 1.16e+02  1.30e+05    78s
   6  -1.69243938e+07 -2.80974594e+07  1.86e+05 7.78e+01  8.96e+04    78s
   7  -1.17133567e+07 -3.16698099e+07  1.29e+05 4.54e+01  6.12e+04    79s
   8  -7.36192171e+06 -3.45215209e+07  8.05e+04 2.52e+01  3.86e+04    80s
   9  -4.87786300e+06 -3.65098870e+07  5.27e+04 1.45e+01  2.58e+04    81s
  10  -2.86543995e+06 -3.75903347e+07  3.00e+04 6.77e+00  1.52e+04    81s
  11  -1.43561071e+06 -3.71879118e+07  1.37e+04 3.18e+00  7.79e+03    82s
  12  -7.89135077e+05 -3.52399118e+07  7.17e+03 6.69e-01  4.28e+03    83s
  13  -2.00308673e+05 -3.03536181e+07  1.77e+03 1.82e-12  1.15e+03    83s
  14  -8.55121589e+04 -2.00345407e+07  7.51e+02 7.39e-13  4.80e+02    84s
  15  -4.80775411e+04 -1.17226871e+07  4.07e+02 1.28e-12  2.50e+02    85s
  16  -2.44848644e+04 -7.66511247e+06  1.75e+02 2.84e-12  1.28e+02    86s
  17  -1.24168873e+04 -4.92968382e+06  7.03e+01 1.59e-12  6.60e+01    87s
  18  -6.92063514e+03 -3.39319474e+06  3.27e+01 1.95e-12  3.80e+01    87s
  19  -4.48101477e+03 -2.39533638e+06  2.13e+01 2.10e-12  2.43e+01    88s
  20  -2.24149575e+03 -1.76374027e+06  1.07e+01 3.99e-12  1.42e+01    89s
  21  -9.68823319e+02 -1.11465620e+06  4.53e+00 2.09e-12  7.26e+00    89s
  22  -4.17527976e+02 -4.45777615e+05  1.90e+00 1.26e-12  2.64e+00    90s
  23  -1.05039807e+02 -1.66838876e+05  4.41e-01 1.07e-12  8.85e-01    91s
  24   2.29581480e+01 -5.53256180e+04  6.31e-02 9.25e-13  2.67e-01    92s
  25   5.86903107e+01 -1.57082403e+04  1.00e-02 6.04e-13  7.18e-02    93s
  26   6.04122471e+01 -3.91776639e+03  8.57e-04 1.53e-13  1.79e-02    93s
  27   5.57310499e+01 -2.36615618e+03  4.96e-04 8.44e-14  1.09e-02    94s
  28   5.35125331e+01 -8.09994120e+02  3.78e-04 2.04e-14  3.88e-03    95s
  29   4.29240510e+01 -3.55250938e+02  1.81e-04 9.61e-15  1.79e-03    96s
  30   3.44527324e+01 -1.10560484e+02  7.34e-05 4.04e-15  6.51e-04    96s
  31   2.99178605e+01 -5.16161682e+01  3.32e-05 1.93e-15  3.66e-04    98s
  32   2.82310458e+01 -2.22297757e+01  2.25e-05 9.75e-16  2.26e-04    99s
  33   2.71378192e+01 -1.34027501e+01  1.63e-05 7.12e-16  1.82e-04    99s
  34   2.63545328e+01 -3.33604522e+00  1.20e-05 5.63e-16  1.33e-04   100s
  35   2.53803601e+01  9.21773030e+00  7.06e-06 2.30e-16  7.25e-05   101s
  36   2.49189566e+01  1.43052898e+01  4.98e-06 1.61e-16  4.76e-05   102s
  37   2.44600966e+01  1.87930487e+01  2.95e-06 1.03e-16  2.54e-05   104s
  38   2.40371611e+01  2.10449333e+01  1.52e-06 3.83e-17  1.34e-05   105s
  39   2.38838301e+01  2.19653031e+01  1.08e-06 1.55e-17  8.61e-06   106s
  40   2.37693158e+01  2.24074395e+01  7.57e-07 1.20e-17  6.11e-06   108s
  41   2.36286132e+01  2.28127528e+01  3.56e-07 1.26e-17  3.66e-06   109s
  42   2.35673905e+01  2.32016950e+01  1.74e-07 8.12e-11  1.64e-06   110s
  43   2.35485856e+01  2.33251346e+01  1.19e-07 2.85e-11  1.00e-06   111s
  44   2.35330768e+01  2.33860340e+01  7.42e-08 1.56e-11  6.60e-07   113s
  45   2.35124399e+01  2.34310042e+01  1.26e-08 3.04e-11  3.65e-07   114s
  46   2.35092784e+01  2.34539529e+01  4.25e-09 8.32e-12  2.48e-07   115s
  47   2.35087009e+01  2.34736619e+01  2.56e-09 1.01e-17  1.57e-07   116s
  48   2.35079154e+01  2.34994196e+01  3.13e-10 5.66e-12  3.81e-08   118s
  49   2.35077262e+01  2.35066203e+01  3.18e-11 1.48e-11  4.96e-09   119s
  50   2.35077020e+01  2.35075913e+01  3.10e-12 1.56e-11  4.96e-10   120s
  51   2.35076995e+01  2.35076885e+01  1.90e-12 1.58e-11  4.96e-11   122s
  52   2.35076993e+01  2.35076982e+01  3.86e-10 1.30e-11  4.98e-12   123s

Barrier solved model in 52 iterations and 123.02 seconds
Optimal objective 2.35076993e+01


Root crossover log...

    1281 DPushes remaining with DInf 0.0000000e+00               123s
       0 DPushes remaining with DInf 0.0000000e+00               124s

   41623 PPushes remaining with PInf 0.0000000e+00               124s
   25516 PPushes remaining with PInf 0.0000000e+00               125s
   17714 PPushes remaining with PInf 0.0000000e+00               130s
   10999 PPushes remaining with PInf 0.0000000e+00               135s
    6050 PPushes remaining with PInf 0.0000000e+00               140s
    1369 PPushes remaining with PInf 0.0000000e+00               145s
       0 PPushes remaining with PInf 0.0000000e+00               147s

  Push phase complete: Pinf 0.0000000e+00, Dinf 7.3349665e-17    147s


Root simplex log...

Iteration    Objective       Primal Inf.    Dual Inf.      Time
   41925    2.3507699e+01   0.000000e+00   0.000000e+00    147s
   41925    2.3507699e+01   0.000000e+00   0.000000e+00    147s

Root relaxation: objective 2.350770e+01, 41925 iterations, 96.12 seconds
Total elapsed time = 359.20s
Total elapsed time = 528.33s
Total elapsed time = 647.95s
Total elapsed time = 802.23s
Total elapsed time = 904.32s
Total elapsed time = 905.07s

    Nodes    |    Current Node    |     Objective Bounds      |     Work
 Expl Unexpl |  Obj  Depth IntInf | Incumbent    BestBd   Gap | It/Node Time

     0     0   23.50770    0 4626          -   23.50770      -     -  905s
     0     2   23.69271    0 4309          -   23.69271      -     - 2363s
     1     2   23.75041    1 4405          -   23.69271      - 54946 2723s
     3     2   25.37205    2 4553          -   23.91856      - 27881 3394s
     5     2   25.37634    3 4461          -   25.37634      - 19615 3556s
     7     2   25.38349    4 4429          -   25.38349      - 14170 3643s
     9     2   25.46248    5 4383          -   25.38349      - 11447 3839s
    11     4   25.46335    6 4268          -   25.46248      -  9504 78151s
    13     6   25.51277    7 4624          -   25.46248      - 140339 89715s
    17     6   25.54770    8 4568          -   25.46248      - 208627 100762s
    23    10   25.56171    9 4816          -   25.54770      - 187395 101390s
    29    14   25.56180   10 4889          -   25.56171      - 149951 102942s
    39    20   25.58773   11 5969          -   25.56180      - 116203 110397s
    53    24   25.59559   12 5903          -   25.58921      - 105246 118228s
    54    24   25.66295   12 7384          -   25.58921      - 104364 118230s
    73    32   25.61008   13 5911          -   25.59149      - 101693 124174s
    74    32   25.69448   13 7307          -   25.59149      - 100517 124175s
    97    40   26.27227   14 6371          -   25.60323      - 101952 132293s
   129    52   26.34984   15 6107          -   26.27329      - 86691 138250s
   161    92   26.37667   16 6107          -   26.29012      - 87570 141869s
   215   116   26.52454   17 6586          -   26.35087      - 69048 149566s
   255   158   27.33722   18 6369          -   26.37449      - 64229 169753s
   260   158 infeasible   17               -   26.37667      - 63974 169755s
   309   178 infeasible   18               -   26.37667      - 58097 175462s
   365   224 infeasible   19               -   26.37667      - 51700 183854s
   377   224 infeasible   18               -   26.37667      - 51422 183857s
   439   303   32.00800   20 5774          -   26.37667      - 45901 189583s
   469   303   30.17467   19 5567          -   26.37667      - 43143 189585s
   528   405   33.00800   22 6009          -   26.37667      - 39092 207747s
   544   405 infeasible   20               -   26.37667      - 38042 207751s
