All .csv files have been loaded successfully.


Simulation Parameters:
------------------------------------------------------
Initial Time: 05:30:00
Period Length: 5 minutes
Total Operation Hours: 6 hours

Minimum Number of Crew Breaks (nc): 1
Crew Break Duration (Dc): 9 minutes
Maximum Separation Time for Crew Breaks (Tc): 360 minutes

Charging Rate (rv_plus): 15.91% per period
Plugging/Unplugging Time (pc): 2 minutes
------------------------------------------------------

Vset, Wset, Tset, Jset, and Dset have been defined.

Using license file /usr/local/gurobi/9.1.2/gurobi.lic
Set parameter TokenServer to value gurobi.lic.sydney.edu.au
All results matrices have been loaded from files with prefix "6htest".

Results loaded successfully.

All constraintrs are ready.

Starting optimization with 0 variables and 0 constraints.

Parameter OutputFlag unchanged
   Value: 1  Min: 0  Max: 1  Default: 1
Changed value of parameter InfUnbdInfo to 1
   Prev: 0  Min: 0  Max: 1  Default: 0
Changed value of parameter Presolve to 2
   Prev: -1  Min: -1  Max: 2  Default: -1
Changed value of parameter ScaleFlag to 1
   Prev: -1  Min: -1  Max: 3  Default: -1
Changed value of parameter MIPGap to 0.99
   Prev: 0.0001  Min: 0.0  Max: inf  Default: 0.0001
Changed value of parameter Heuristics to 0.5
   Prev: 0.05  Min: 0.0  Max: 1.0  Default: 0.05
Changed value of parameter MIPFocus to 1
   Prev: 0  Min: 0  Max: 3  Default: 0
Changed value of parameter Crossover to 0
   Prev: -1  Min: -1  Max: 5  Default: -1
Gurobi Optimizer version 9.1.2 build v9.1.2rc0 (linux64)
Thread count: 48 physical cores, 48 logical processors, using up to 32 threads
Optimize a model with 320147 rows, 146719 columns and 71821138 nonzeros
Model fingerprint: 0x0baa1d97
Model has 1656 quadratic constraints
Variable types: 1944 continuous, 144775 integer (144775 binary)
Coefficient statistics:
  Matrix range     [1e-02, 5e+03]
  QMatrix range    [1e+00, 1e+00]
  QLMatrix range   [1e+00, 1e+00]
  Objective range  [1e+00, 2e+01]
  Bounds range     [1e+00, 1e+00]
  RHS range        [1e+00, 5e+03]
  QRHS range       [1e+00, 2e+00]
Presolve removed 78103 rows and 41366 columns (presolve time = 6s) ...
Presolve removed 78277 rows and 41730 columns (presolve time = 10s) ...
Presolve removed 81740 rows and 43922 columns (presolve time = 16s) ...
Presolve removed 81788 rows and 43934 columns (presolve time = 21s) ...
Presolve removed 81864 rows and 44011 columns (presolve time = 30s) ...
Presolve removed 82479 rows and 44011 columns (presolve time = 35s) ...
Presolve removed 83255 rows and 44023 columns (presolve time = 40s) ...
Presolve removed 83255 rows and 44023 columns (presolve time = 45s) ...
Presolve removed 83255 rows and 44023 columns (presolve time = 50s) ...
Presolve removed 83255 rows and 44023 columns (presolve time = 55s) ...
Presolve removed 83255 rows and 44023 columns (presolve time = 60s) ...
Presolve removed 83255 rows and 44023 columns (presolve time = 65s) ...
Presolve removed 83255 rows and 44023 columns (presolve time = 70s) ...
Presolve removed 83255 rows and 44023 columns (presolve time = 75s) ...
Presolve removed 83255 rows and 44023 columns (presolve time = 80s) ...
Presolve removed 83255 rows and 44023 columns (presolve time = 85s) ...
Presolve removed 83255 rows and 44023 columns (presolve time = 90s) ...
Presolve removed 83255 rows and 44023 columns (presolve time = 95s) ...
Presolve removed 83255 rows and 44023 columns (presolve time = 100s) ...
Presolve removed 83255 rows and 44023 columns (presolve time = 105s) ...
Presolve removed 83255 rows and 44023 columns (presolve time = 110s) ...
Presolve removed 83255 rows and 44023 columns (presolve time = 115s) ...
Presolve removed 90829 rows and 46219 columns (presolve time = 121s) ...
Presolve removed 91395 rows and 46302 columns (presolve time = 127s) ...
Presolve removed 91431 rows and 46339 columns (presolve time = 131s) ...
Presolve removed 91615 rows and 46339 columns (presolve time = 135s) ...
Presolve removed 92003 rows and 46339 columns (presolve time = 141s) ...
Presolve removed 92003 rows and 46339 columns (presolve time = 145s) ...
Presolve removed 92003 rows and 46339 columns (presolve time = 150s) ...
Presolve removed 92003 rows and 46339 columns (presolve time = 155s) ...
Presolve removed 92003 rows and 46339 columns (presolve time = 160s) ...
Presolve removed 92003 rows and 46339 columns (presolve time = 165s) ...
Presolve removed 92003 rows and 46339 columns (presolve time = 170s) ...
Presolve removed 92003 rows and 46339 columns (presolve time = 175s) ...
Presolve removed 92003 rows and 46339 columns (presolve time = 180s) ...
Presolve removed 92003 rows and 46339 columns (presolve time = 185s) ...
Presolve removed 92003 rows and 46339 columns (presolve time = 190s) ...
Presolve removed 92003 rows and 46339 columns (presolve time = 195s) ...
Presolve removed 92003 rows and 46339 columns (presolve time = 200s) ...
Presolve removed 92003 rows and 46339 columns (presolve time = 205s) ...
Presolve removed 92003 rows and 46339 columns (presolve time = 210s) ...
Presolve removed 92003 rows and 46339 columns (presolve time = 215s) ...
Presolve removed 92173 rows and 49885 columns (presolve time = 223s) ...
Presolve removed 92173 rows and 49885 columns (presolve time = 227s) ...
Presolve removed 92258 rows and 49885 columns (presolve time = 231s) ...
Presolve removed 92282 rows and 49885 columns (presolve time = 235s) ...
Presolve removed 92282 rows and 49885 columns (presolve time = 240s) ...
Presolve removed 92282 rows and 49885 columns (presolve time = 245s) ...
Presolve removed 92282 rows and 49885 columns (presolve time = 250s) ...
Presolve removed 92282 rows and 49885 columns (presolve time = 255s) ...
Presolve removed 92282 rows and 49885 columns (presolve time = 260s) ...
Presolve removed 92282 rows and 49885 columns (presolve time = 265s) ...
Presolve removed 92282 rows and 49885 columns (presolve time = 270s) ...
Presolve removed 92282 rows and 49885 columns (presolve time = 275s) ...
Presolve removed 92282 rows and 49885 columns (presolve time = 280s) ...
Presolve removed 92282 rows and 49885 columns (presolve time = 285s) ...
Presolve removed 92282 rows and 49885 columns (presolve time = 290s) ...
Presolve removed 92282 rows and 49885 columns (presolve time = 295s) ...
Presolve removed 92282 rows and 49885 columns (presolve time = 300s) ...
Presolve removed 92282 rows and 49885 columns (presolve time = 305s) ...
Presolve removed 92282 rows and 49885 columns (presolve time = 310s) ...
Presolve removed 92282 rows and 49929 columns (presolve time = 316s) ...
Presolve removed 92282 rows and 49929 columns (presolve time = 320s) ...
Presolve removed 92294 rows and 49929 columns (presolve time = 325s) ...
Presolve removed 92464 rows and 49929 columns (presolve time = 330s) ...
Presolve removed 92464 rows and 49929 columns (presolve time = 335s) ...
Presolve removed 92464 rows and 49929 columns (presolve time = 340s) ...
Presolve removed 92464 rows and 49929 columns (presolve time = 345s) ...
Presolve removed 92464 rows and 49929 columns (presolve time = 350s) ...
Presolve removed 92464 rows and 49929 columns (presolve time = 355s) ...
Presolve removed 92464 rows and 49929 columns (presolve time = 360s) ...
Presolve removed 92464 rows and 49929 columns (presolve time = 365s) ...
Presolve removed 92464 rows and 49929 columns (presolve time = 370s) ...
Presolve removed 92464 rows and 49929 columns (presolve time = 375s) ...
Presolve removed 92464 rows and 49929 columns (presolve time = 380s) ...
Presolve removed 92464 rows and 49929 columns (presolve time = 385s) ...
Presolve removed 92464 rows and 49929 columns (presolve time = 390s) ...
Presolve removed 92464 rows and 49929 columns (presolve time = 395s) ...
Presolve removed 92464 rows and 49929 columns (presolve time = 400s) ...
Presolve removed 92464 rows and 49929 columns (presolve time = 405s) ...
Presolve removed 92464 rows and 50035 columns (presolve time = 436s) ...
Presolve removed 92464 rows and 50386 columns (presolve time = 448s) ...
Presolve removed 92464 rows and 50594 columns (presolve time = 460s) ...
Presolve removed 96130 rows and 51211 columns (presolve time = 466s) ...
Presolve removed 96130 rows and 51212 columns (presolve time = 476s) ...
Presolve removed 119513 rows and 51222 columns (presolve time = 481s) ...
Presolve removed 119513 rows and 51222 columns (presolve time = 485s) ...
Presolve removed 120200 rows and 51909 columns (presolve time = 490s) ...
Presolve removed 120207 rows and 51909 columns (presolve time = 495s) ...
Presolve removed 120207 rows and 51909 columns (presolve time = 500s) ...
Presolve removed 120223 rows and 51909 columns (presolve time = 505s) ...
Presolve removed 120223 rows and 51909 columns (presolve time = 510s) ...
Presolve removed 120223 rows and 51909 columns (presolve time = 515s) ...
Presolve removed 120223 rows and 51909 columns (presolve time = 520s) ...
Presolve removed 120223 rows and 51909 columns (presolve time = 525s) ...
Presolve removed 120223 rows and 51909 columns (presolve time = 530s) ...
Presolve removed 120223 rows and 51909 columns (presolve time = 535s) ...
Presolve removed 120223 rows and 51909 columns (presolve time = 540s) ...
Presolve removed 121724 rows and 53149 columns (presolve time = 545s) ...
Presolve removed 121726 rows and 53151 columns (presolve time = 550s) ...
Presolve removed 121778 rows and 53203 columns (presolve time = 556s) ...
Presolve removed 121778 rows and 53203 columns (presolve time = 560s) ...
Presolve removed 121778 rows and 53203 columns (presolve time = 565s) ...
Presolve removed 121778 rows and 53203 columns (presolve time = 570s) ...
Presolve removed 121778 rows and 53203 columns (presolve time = 575s) ...
Presolve removed 121778 rows and 53203 columns (presolve time = 580s) ...
Presolve removed 121778 rows and 53203 columns (presolve time = 585s) ...
Presolve removed 121778 rows and 53203 columns (presolve time = 590s) ...
Presolve removed 121778 rows and 53203 columns (presolve time = 595s) ...
Presolve removed 121778 rows and 53203 columns (presolve time = 600s) ...
Presolve removed 121778 rows and 53203 columns (presolve time = 605s) ...
Presolve removed 121779 rows and 53204 columns (presolve time = 611s) ...
Presolve removed 126554 rows and 53204 columns (presolve time = 620s) ...
Presolve removed 126554 rows and 53204 columns (presolve time = 620s) ...
Presolve removed 126554 rows and 53204 columns (presolve time = 632s) ...
Presolve removed 127785 rows and 54435 columns (presolve time = 635s) ...
Presolve removed 128274 rows and 54924 columns (presolve time = 642s) ...
Presolve removed 128274 rows and 54924 columns (presolve time = 646s) ...
Presolve removed 128274 rows and 54924 columns (presolve time = 650s) ...
Presolve removed 128274 rows and 54924 columns (presolve time = 655s) ...
Presolve removed 128274 rows and 54924 columns (presolve time = 660s) ...
Presolve removed 128274 rows and 54924 columns (presolve time = 665s) ...
Presolve removed 128274 rows and 54924 columns (presolve time = 670s) ...
Presolve removed 128274 rows and 54924 columns (presolve time = 675s) ...
Presolve removed 128274 rows and 54924 columns (presolve time = 680s) ...
Presolve removed 128274 rows and 54924 columns (presolve time = 685s) ...
Presolve removed 128274 rows and 54924 columns (presolve time = 690s) ...
Presolve removed 128274 rows and 54924 columns (presolve time = 697s) ...
Presolve removed 128274 rows and 54924 columns (presolve time = 700s) ...
Presolve removed 128274 rows and 54924 columns (presolve time = 705s) ...
Presolve removed 128274 rows and 54924 columns (presolve time = 710s) ...
Presolve removed 128274 rows and 54924 columns (presolve time = 715s) ...
Presolve removed 128274 rows and 54924 columns (presolve time = 720s) ...
Presolve removed 128274 rows and 54924 columns (presolve time = 725s) ...
Presolve removed 128274 rows and 54924 columns (presolve time = 730s) ...
Presolve removed 128274 rows and 54924 columns (presolve time = 735s) ...
Presolve removed 128274 rows and 54924 columns (presolve time = 740s) ...
Presolve removed 128274 rows and 54924 columns (presolve time = 745s) ...
Presolve removed 128274 rows and 54924 columns (presolve time = 750s) ...
Presolve removed 128274 rows and 54924 columns (presolve time = 755s) ...
Presolve removed 128274 rows and 54924 columns (presolve time = 761s) ...
Presolve removed 120160 rows and 46819 columns
Presolve time: 761.29s
Presolved: 290967 rows, 189338 columns, 19862299 nonzeros
Variable types: 0 continuous, 189338 integer (184608 binary)

Deterministic concurrent LP optimizer: primal simplex, dual simplex, and barrier
Showing barrier log only...

Warning: Concurrent optimizer requires crossover - forcing it on
Presolve removed 0 rows and 0 columns (presolve time = 5s) ...
Presolve removed 0 rows and 0 columns (presolve time = 10s) ...
Presolve removed 0 rows and 0 columns (presolve time = 15s) ...
Presolve removed 0 rows and 0 columns (presolve time = 20s) ...
Presolve removed 0 rows and 0 columns (presolve time = 25s) ...
Presolve removed 0 rows and 0 columns (presolve time = 30s) ...
Presolve removed 0 rows and 0 columns (presolve time = 35s) ...
Presolve removed 0 rows and 0 columns (presolve time = 40s) ...
Presolve removed 0 rows and 0 columns (presolve time = 45s) ...
Presolve removed 0 rows and 0 columns (presolve time = 50s) ...
Presolve removed 19 rows and 0 columns (presolve time = 55s) ...
Presolve removed 21 rows and 0 columns (presolve time = 60s) ...
Presolve removed 21 rows and 0 columns (presolve time = 65s) ...
Presolve removed 21 rows and 0 columns (presolve time = 70s) ...
Presolve removed 21 rows and 0 columns (presolve time = 75s) ...
Presolve removed 21 rows and 0 columns (presolve time = 80s) ...
Presolve removed 21 rows and 0 columns (presolve time = 85s) ...
Presolve removed 21 rows and 0 columns (presolve time = 90s) ...
Presolve removed 21 rows and 0 columns (presolve time = 95s) ...
Presolve removed 21 rows and 0 columns (presolve time = 100s) ...
Presolve removed 21 rows and 0 columns (presolve time = 105s) ...
Presolve removed 21 rows and 0 columns
Presolved: 187002 rows, 98590 columns, 18704985 nonzeros

Root barrier log...

Elapsed ordering time = 5s
Elapsed ordering time = 10s
Elapsed ordering time = 15s
Elapsed ordering time = 20s
Elapsed ordering time = 25s
Elapsed ordering time = 30s
Elapsed ordering time = 35s
Elapsed ordering time = 40s
Elapsed ordering time = 45s
Ordering time: 48.71s

Barrier statistics:
 AA' NZ     : 1.078e+08
 Factor NZ  : 2.080e+08 (roughly 1.8 GBytes of memory)
 Factor Ops : 2.835e+11 (roughly 1 second per iteration)
 Threads    : 29

                  Objective                Residual
Iter       Primal          Dual         Primal    Dual     Compl     Time
   0  -2.94291586e+05 -2.98939447e+04  1.07e+03 7.90e-01  7.08e+00  1670s
   1  -1.45972575e+05 -2.98313830e+04  5.39e+02 2.39e+00  3.44e+00  1671s
   2  -6.67079438e+04 -2.44400400e+04  2.53e+02 6.94e-01  1.41e+00  1673s
   3  -2.83502488e+04 -2.04708556e+04  1.09e+02 1.90e-01  5.80e-01  1674s
   4  -7.54036964e+03 -1.53745927e+04  2.86e+01 3.51e-02  1.62e-01  1676s
   5  -1.69165585e+03 -9.49485567e+03  6.71e+00 6.51e-03  4.79e-02  1677s
   6  -2.98832837e+02 -4.44888439e+03  1.56e+00 1.73e-03  1.57e-02  1679s
   7  -1.29688848e+02 -1.62013540e+03  9.15e-01 5.40e-04  5.56e-03  1680s
   8  -4.55894459e+01 -8.82927601e+02  5.70e-01 2.62e-04  3.03e-03  1681s
   9   4.26450972e+00 -4.56165483e+02  3.53e-01 1.32e-04  1.65e-03  1682s
  10   5.30518040e+01 -1.66359971e+02  1.19e-01 4.77e-05  7.20e-04  1683s
  11   6.36141857e+01 -1.59646281e+01  5.63e-02 1.43e-05  2.68e-04  1685s
  12   6.65201566e+01  3.52321481e+01  3.09e-02 4.74e-06  1.12e-04  1686s
  13   6.71376087e+01  4.81906434e+01  2.32e-02 2.68e-06  7.10e-05  1687s
  14   6.75237332e+01  5.69830255e+01  1.54e-02 1.35e-06  4.13e-05  1689s
  15   6.79529421e+01  6.28813187e+01  9.99e-03 6.09e-07  2.19e-05  1690s
  16   6.82567353e+01  6.53457134e+01  6.91e-03 3.14e-07  1.35e-05  1691s
  17   6.86558743e+01  6.64627956e+01  3.40e-03 2.01e-07  8.72e-06  1692s
  18   6.88433502e+01  6.73798237e+01  1.78e-03 1.13e-07  5.44e-06  1694s
  19   6.88947384e+01  6.78545478e+01  1.15e-03 7.48e-08  3.77e-06  1695s
  20   6.89392705e+01  6.82994067e+01  7.72e-04 4.05e-08  2.37e-06  1696s
  21   6.89834303e+01  6.86295711e+01  4.35e-04 1.84e-08  1.32e-06  1698s
  22   6.90271623e+01  6.88611225e+01  9.97e-05 4.00e-15  5.34e-07  1699s
  23   6.90367972e+01  6.90085556e+01  1.91e-05 2.44e-15  9.21e-08  1701s
  24   6.90383256e+01  6.90337721e+01  2.27e-06 1.11e-15  1.41e-08  1702s
  25   6.90384501e+01  6.90360481e+01  4.74e-07 4.44e-16  6.89e-09  1703s
  26   6.90384802e+01  6.90381544e+01  1.19e-08 3.55e-15  8.91e-10  1705s
  27   6.90384797e+01  6.90384762e+01  1.43e-09 8.88e-16  9.38e-12  1706s

Barrier solved model in 27 iterations and 1706.23 seconds
Optimal objective 6.90384797e+01


Root crossover log...

    3964 DPushes remaining with DInf 0.0000000e+00              1708s
       0 DPushes remaining with DInf 0.0000000e+00              1708s

   79310 PPushes remaining with PInf 0.0000000e+00              1708s
   24158 PPushes remaining with PInf 0.0000000e+00              1710s
   10657 PPushes remaining with PInf 0.0000000e+00              1715s
    4418 PPushes remaining with PInf 0.0000000e+00              1721s
    2233 PPushes remaining with PInf 0.0000000e+00              1725s
     569 PPushes remaining with PInf 0.0000000e+00              1731s
       0 PPushes remaining with PInf 0.0000000e+00              1734s

  Push phase complete: Pinf 0.0000000e+00, Dinf 9.8602833e-11   1734s


Root simplex log...

Iteration    Objective       Primal Inf.    Dual Inf.      Time
   80004    6.9038480e+01   0.000000e+00   0.000000e+00   1734s
   80004    6.9038480e+01   0.000000e+00   0.000000e+00   1735s
Concurrent spin time: 0.12s

Solved with barrier

Root relaxation: objective 6.903848e+01, 80004 iterations, 250.49 seconds
Total elapsed time = 1736.55s

    Nodes    |    Current Node    |     Objective Bounds      |     Work
 Expl Unexpl |  Obj  Depth IntInf | Incumbent    BestBd   Gap | It/Node Time

     0     0   69.03848    0 10368          -   69.03848      -     - 3053s
     0     0   69.64225    0 11125          -   69.64225      -     - 8687s
     0     0   70.47246    0 11446          -   70.47246      -     - 11239s
     0     0   70.50781    0 11494          -   70.50781      -     - 11663s
     0     0   70.50789    0 11349          -   70.50789      -     - 11968s
     0     0   72.59924    0 11066          -   72.59924      -     - 23978s
     0     0   73.58298    0 11361          -   73.58298      -     - 27734s
     0     0   73.67632    0 11326          -   73.67632      -     - 29537s
     0     0   73.74110    0 11117          -   73.74110      -     - 29897s
     0     0   73.74165    0 11015          -   73.74165      -     - 30082s
