All .csv files have been loaded successfully.


Simulation Parameters:
------------------------------------------------------
Initial Time: 05:30:00
Period Length: 5 minutes
Total Operation Hours: 6 hours

Minimum Number of Crew Breaks (nc): 1
Crew Break Duration (Dc): 30 minutes
Maximum Separation Time for Crew Breaks (Tc): 360 minutes

Charging Rate (rv_plus): 16.00% per period
Plugging/Unplugging Time (pc): 1 minutes
------------------------------------------------------

B+, set of wharves to charge:['CQ2', 'CQ4', 'CQ5', 'Bar1', 'Bar2']
Bc, set of wharves to crew pause:['cp_CQ1', 'cp_CQ2', 'cp_CQ3', 'cp_CQ4', 'cp_CQ5', 'cp_Bar1', 'cp_Bar2', 'cp_Bar4', 'cp_Bar5', 'cp_BSY1', 'cp_BSY2', 'cp_BSY3', 'cp_BSY4', 'cp_BSY5', 'cp_BSY6']
B, set of wharves to wait:['CQ1', 'CQ3', 'CI1', 'Bar4', 'Bar5', 'PB1', 'Mos1', 'TZ1', 'WB1', 'RB1', 'DB1', 'BSY1', 'BSY2', 'BSY3', 'BSY4', 'BSY5', 'BSY6', 'BWB1', 'NB1', 'phi_CQ2', 'phi_CQ4', 'phi_CQ5', 'phi_Bar1', 'phi_Bar2']
Vset, Wset, Tset, Jset, and Dset have been defined.

Using license file /usr/local/gurobi/9.1.2/gurobi.lic
Set parameter TokenServer to value gurobi.lic.sydney.edu.au
All results matrices have been loaded from files with prefix "6htest_v6".

Results loaded successfully.

All constraintrs are ready.

Starting optimization with 0 variables and 0 constraints.

Parameter OutputFlag unchanged
   Value: 1  Min: 0  Max: 1  Default: 1
Changed value of parameter InfUnbdInfo to 1
   Prev: 0  Min: 0  Max: 1  Default: 0
Changed value of parameter Presolve to 1
   Prev: -1  Min: -1  Max: 2  Default: -1
Changed value of parameter ScaleFlag to 0
   Prev: -1  Min: -1  Max: 3  Default: -1
Changed value of parameter NumericFocus to 3
   Prev: 0  Min: 0  Max: 3  Default: 0
Changed value of parameter MIPGap to 1.0
   Prev: 0.0001  Min: 0.0  Max: inf  Default: 0.0001
Changed value of parameter Method to 2
   Prev: -1  Min: -1  Max: 5  Default: -1
Gurobi Optimizer version 9.1.2 build v9.1.2rc0 (linux64)
Thread count: 32 physical cores, 32 logical processors, using up to 32 threads
Optimize a model with 170066 rows, 84643 columns and 17186663 nonzeros
Model fingerprint: 0x3ca9d821
Model has 1728 quadratic constraints
Variable types: 1368 continuous, 83275 integer (83275 binary)
Coefficient statistics:
  Matrix range     [4e-03, 4e+03]
  QMatrix range    [1e+00, 1e+00]
  QLMatrix range   [1e+00, 1e+00]
  Objective range  [5e-03, 1e-01]
  Bounds range     [1e+00, 1e+00]
  RHS range        [3e-02, 4e+03]
  QRHS range       [1e+00, 2e+00]

User MIP start did not produce a new incumbent solution
User MIP start violates constraint 5c__battery_update_vV18_t18 by 0.008000000
Processed MIP start in 2.19 seconds

Presolve removed 32237 rows and 16915 columns (presolve time = 6s) ...
Presolve removed 33190 rows and 17263 columns (presolve time = 10s) ...
Presolve removed 40409 rows and 20311 columns (presolve time = 16s) ...
Presolve removed 41357 rows and 20435 columns (presolve time = 20s) ...
Presolve removed 42630 rows and 24347 columns (presolve time = 26s) ...
Presolve removed 48747 rows and 24347 columns (presolve time = 31s) ...
Presolve removed 48794 rows and 24402 columns (presolve time = 35s) ...
Presolve removed 93205 rows and 27642 columns (presolve time = 41s) ...
Presolve removed 93209 rows and 27646 columns (presolve time = 46s) ...
Presolve removed 87716 rows and 23762 columns
Presolve time: 48.00s
Presolved: 95455 rows, 73696 columns, 4781241 nonzeros
Variable types: 1311 continuous, 72385 integer (71758 binary)
Root barrier log...

Elapsed ordering time = 5s
Ordering time: 12.62s

Barrier statistics:
 AA' NZ     : 3.557e+07
 Factor NZ  : 2.216e+08 (roughly 2.0 GBytes of memory)
 Factor Ops : 1.084e+12 (roughly 3 seconds per iteration)
 Threads    : 32

                  Objective                Residual
Iter       Primal          Dual         Primal    Dual     Compl     Time
   0  -9.04159528e+05 -1.35625904e+07  4.98e+05 8.04e-02  5.99e+05   111s
   1  -7.85595342e+05 -2.30586415e+07  4.32e+05 4.84e+02  5.14e+05   114s
   2  -4.03468683e+05 -4.28369214e+07  2.21e+05 1.62e+02  2.66e+05   117s
   3  -2.39852794e+05 -5.07973525e+07  1.31e+05 1.06e+02  1.59e+05   121s
   4  -1.40763899e+05 -5.67992039e+07  7.56e+04 5.78e+01  9.42e+04   125s
   5  -9.17525256e+04 -6.08173394e+07  4.87e+04 3.07e+01  6.16e+04   128s
   6  -4.14348328e+04 -6.60147533e+07  2.15e+04 1.13e+01  2.86e+04   131s
   7  -7.69501125e+03 -6.89845430e+07  3.92e+03 1.82e-12  5.59e+03   135s
   8  -2.70505811e+03 -5.72475712e+07  1.33e+03 1.59e-12  1.97e+03   139s
   9  -1.32332742e+03 -4.12292902e+07  6.10e+02 1.82e-12  9.27e+02   142s
  10  -7.95928577e+02 -2.78210943e+07  3.36e+02 1.36e-12  5.33e+02   145s
  11  -4.25225148e+02 -1.71357464e+07  1.88e+02 1.53e-12  2.81e+02   148s
  12  -1.60881736e+02 -1.00160794e+07  4.74e+01 1.14e-12  1.17e+02   152s
  13  -7.99636657e+01 -6.80290742e+06  2.36e+01 9.09e-13  6.28e+01   156s
  14  -4.90101913e+01 -4.82825708e+06  1.45e+01 6.47e-13  3.98e+01   159s
  15  -2.75360122e+01 -3.68917544e+06  8.15e+00 4.26e-13  2.60e+01   162s
  16  -1.00529984e+01 -2.47320112e+06  3.03e+00 3.27e-13  1.39e+01   166s
  17  -4.17172687e+00 -1.26100974e+06  1.30e+00 2.40e-13  6.48e+00   169s
  18  -1.62593863e+00 -5.32292339e+05  5.54e-01 2.03e-13  2.64e+00   172s
  19  -2.10862091e-01 -2.28748069e+05  1.46e-01 1.16e-13  1.06e+00   176s
  20   1.71313211e-01 -4.82721452e+04  3.56e-02 6.91e-14  2.20e-01   179s
  21   2.80316171e-01 -1.27555549e+04  5.65e-03 2.29e-14  5.74e-02   183s
  22   3.13656104e-01 -1.56383684e+03  9.68e-04 5.48e-15  7.17e-03   186s
  23   3.18034339e-01 -1.82443903e+02  1.10e-04 1.16e-15  8.35e-04   189s
  24   3.03486186e-01 -3.43963492e+01  1.10e-05 2.32e-16  1.53e-04   193s
  25   2.62372114e-01 -1.07329604e+01  1.17e-06 7.25e-17  4.73e-05   197s
  26   2.20247242e-01 -3.79237285e+00  4.00e-07 2.47e-17  1.73e-05   201s
  27   1.76207898e-01 -6.86498873e-01  1.15e-07 5.30e-18  3.74e-06   206s
  28   1.60361455e-01 -3.91266269e-01  6.76e-08 3.38e-18  2.39e-06   210s
  29   1.51823966e-01 -2.77702430e-01  7.84e-08 2.70e-18  1.85e-06   214s
  30   1.44910164e-01 -4.60277995e-02  4.46e-08 9.07e-13  8.29e-07   219s
  31   1.39105735e-01  8.23351624e-02  2.09e-08 5.98e-12  2.50e-07   223s
  32   1.35903107e-01  1.16749343e-01  7.97e-09 9.49e-12  8.47e-08   227s
  33   1.34478777e-01  1.29138788e-01  2.22e-09 7.99e-12  2.36e-08   231s
  34   1.34082701e-01  1.32586825e-01  6.22e-10 8.40e-12  6.61e-09   235s
  35   1.33971668e-01  1.33553774e-01  1.74e-10 1.35e-11  1.85e-09   239s
  36   1.33940617e-01  1.33823894e-01  4.85e-11 8.29e-12  5.16e-10   243s
  37   1.33931935e-01  1.33899374e-01  1.34e-11 1.04e-11  1.44e-10   248s
  38   1.33929512e-01  1.33920404e-01  3.87e-12 9.54e-12  4.03e-11   252s
  39   1.33928835e-01  1.33926285e-01  1.22e-12 2.08e-11  1.13e-11   255s
  40   1.33928646e-01  1.33927918e-01  1.01e-12 1.25e-11  3.20e-12   259s
  41   1.33928593e-01  1.33928388e-01  1.10e-12 6.16e-12  9.12e-13   263s
  42   1.33928578e-01  1.33928520e-01  1.16e-12 9.09e-12  2.80e-13   268s

Barrier solved model in 42 iterations and 267.57 seconds
Optimal objective 1.33928578e-01


Root crossover log...

    3525 DPushes remaining with DInf 0.0000000e+00               268s
       0 DPushes remaining with DInf 0.0000000e+00               269s

   58747 PPushes remaining with PInf 0.0000000e+00               269s
   29425 PPushes remaining with PInf 0.0000000e+00               270s
   25022 PPushes remaining with PInf 0.0000000e+00               275s
   20995 PPushes remaining with PInf 0.0000000e+00               280s
   17887 PPushes remaining with PInf 0.0000000e+00               285s
   14327 PPushes remaining with PInf 0.0000000e+00               290s
   11266 PPushes remaining with PInf 0.0000000e+00               295s
    7794 PPushes remaining with PInf 0.0000000e+00               301s
    4999 PPushes remaining with PInf 0.0000000e+00               305s
     742 PPushes remaining with PInf 0.0000000e+00               310s
       0 PPushes remaining with PInf 0.0000000e+00               311s

  Push phase complete: Pinf 0.0000000e+00, Dinf 3.2762094e-15    311s


Root simplex log...

Iteration    Objective       Primal Inf.    Dual Inf.      Time
   59477    1.3392857e-01   0.000000e+00   0.000000e+00    311s
   59477    1.3392857e-01   0.000000e+00   0.000000e+00    311s

Root relaxation: objective 1.339286e-01, 59477 iterations, 223.49 seconds
Total elapsed time = 311.71s
Total elapsed time = 825.56s
Total elapsed time = 2756.00s

    Nodes    |    Current Node    |     Objective Bounds      |     Work
 Expl Unexpl |  Obj  Depth IntInf | Incumbent    BestBd   Gap | It/Node Time

     0     0    0.13393    0 2929          -    0.13393      -     - 2758s
     0     0    0.13393    0 2630          -    0.13393      -     - 7602s
     0     2    0.13393    0 2248          -    0.13393      -     - 12273s
     1     3 infeasible    1               -    0.13393      - 112939 13082s
     3     4    0.13393    2 2999          -    0.13393      - 41936 13509s
     5     8    0.13393    3 3100          -    0.13393      - 27303 14314s
     9    16    0.13393    4 3035          -    0.13393      - 18069 15057s
