All .csv files have been loaded successfully.


Simulation Parameters:
------------------------------------------------------
Initial Time: 05:30:00
Period Length: 5 minutes
Total Operation Hours: 6 hours

Minimum Number of Crew Breaks (nc): 1
Crew Break Duration (Dc): 9 minutes
Maximum Separation Time for Crew Breaks (Tc): 360 minutes

Charging Rate (rv_plus): 15.91% per period
Plugging/Unplugging Time (pc): 2 minutes
------------------------------------------------------

Vset, Wset, Tset, Jset, and Dset have been defined.

Using license file /usr/local/gurobi/9.1.2/gurobi.lic
Set parameter TokenServer to value gurobi.lic.sydney.edu.au
All results matrices have been loaded from files with prefix "6htest".

Results loaded successfully.

All constraintrs are ready.

Starting optimization with 0 variables and 0 constraints.

Parameter OutputFlag unchanged
   Value: 1  Min: 0  Max: 1  Default: 1
Changed value of parameter InfUnbdInfo to 1
   Prev: 0  Min: 0  Max: 1  Default: 0
Changed value of parameter Presolve to 2
   Prev: -1  Min: -1  Max: 2  Default: -1
Changed value of parameter ScaleFlag to 1
   Prev: -1  Min: -1  Max: 3  Default: -1
Changed value of parameter MIPGap to 0.99
   Prev: 0.0001  Min: 0.0  Max: inf  Default: 0.0001
Changed value of parameter Heuristics to 0.5
   Prev: 0.05  Min: 0.0  Max: 1.0  Default: 0.05
Changed value of parameter MIPFocus to 1
   Prev: 0  Min: 0  Max: 3  Default: 0
Changed value of parameter Crossover to 0
   Prev: -1  Min: -1  Max: 5  Default: -1
Gurobi Optimizer version 9.1.2 build v9.1.2rc0 (linux64)
Thread count: 48 physical cores, 48 logical processors, using up to 32 threads
Optimize a model with 320147 rows, 146719 columns and 71973013 nonzeros
Model fingerprint: 0x144f2056
Model has 1656 quadratic constraints
Variable types: 1944 continuous, 144775 integer (144775 binary)
Coefficient statistics:
  Matrix range     [1e-02, 5e+03]
  QMatrix range    [1e+00, 1e+00]
  QLMatrix range   [1e+00, 1e+00]
  Objective range  [1e+00, 2e+01]
  Bounds range     [1e+00, 1e+00]
  RHS range        [1e+00, 5e+03]
  QRHS range       [1e+00, 2e+00]
Presolve removed 78103 rows and 41366 columns (presolve time = 6s) ...
Presolve removed 78277 rows and 41730 columns (presolve time = 11s) ...
Presolve removed 81740 rows and 43922 columns (presolve time = 15s) ...
Presolve removed 81788 rows and 43934 columns (presolve time = 21s) ...
Presolve removed 81864 rows and 44011 columns (presolve time = 31s) ...
Presolve removed 82479 rows and 44011 columns (presolve time = 35s) ...
Presolve removed 83282 rows and 44023 columns (presolve time = 40s) ...
Presolve removed 83282 rows and 44023 columns (presolve time = 45s) ...
Presolve removed 83282 rows and 44023 columns (presolve time = 50s) ...
Presolve removed 83282 rows and 44023 columns (presolve time = 55s) ...
Presolve removed 83282 rows and 44023 columns (presolve time = 60s) ...
Presolve removed 83282 rows and 44023 columns (presolve time = 65s) ...
Presolve removed 83282 rows and 44023 columns (presolve time = 70s) ...
Presolve removed 83282 rows and 44023 columns (presolve time = 75s) ...
Presolve removed 83282 rows and 44023 columns (presolve time = 80s) ...
Presolve removed 83282 rows and 44023 columns (presolve time = 85s) ...
Presolve removed 83282 rows and 44023 columns (presolve time = 90s) ...
Presolve removed 83282 rows and 44023 columns (presolve time = 95s) ...
Presolve removed 83282 rows and 44023 columns (presolve time = 100s) ...
Presolve removed 83282 rows and 44023 columns (presolve time = 105s) ...
Presolve removed 83282 rows and 44023 columns (presolve time = 110s) ...
Presolve removed 83282 rows and 44023 columns (presolve time = 115s) ...
Presolve removed 83282 rows and 44023 columns (presolve time = 120s) ...
Presolve removed 90856 rows and 46219 columns (presolve time = 125s) ...
Presolve removed 91422 rows and 46302 columns (presolve time = 131s) ...
Presolve removed 91458 rows and 46339 columns (presolve time = 135s) ...
Presolve removed 91642 rows and 46339 columns (presolve time = 140s) ...
Presolve removed 92028 rows and 46339 columns (presolve time = 145s) ...
Presolve removed 92028 rows and 46339 columns (presolve time = 150s) ...
Presolve removed 92028 rows and 46339 columns (presolve time = 155s) ...
Presolve removed 92028 rows and 46339 columns (presolve time = 160s) ...
Presolve removed 92028 rows and 46339 columns (presolve time = 165s) ...
Presolve removed 92028 rows and 46339 columns (presolve time = 170s) ...
Presolve removed 92028 rows and 46339 columns (presolve time = 175s) ...
Presolve removed 92028 rows and 46339 columns (presolve time = 180s) ...
Presolve removed 92028 rows and 46339 columns (presolve time = 185s) ...
Presolve removed 92028 rows and 46339 columns (presolve time = 190s) ...
Presolve removed 92028 rows and 46339 columns (presolve time = 195s) ...
Presolve removed 92028 rows and 46339 columns (presolve time = 200s) ...
Presolve removed 92028 rows and 46339 columns (presolve time = 205s) ...
Presolve removed 92028 rows and 46339 columns (presolve time = 210s) ...
Presolve removed 92028 rows and 46339 columns (presolve time = 215s) ...
Presolve removed 92028 rows and 46339 columns (presolve time = 220s) ...
Presolve removed 92028 rows and 46339 columns (presolve time = 225s) ...
Presolve removed 92176 rows and 49885 columns (presolve time = 232s) ...
Presolve removed 92176 rows and 49885 columns (presolve time = 236s) ...
Presolve removed 92259 rows and 49885 columns (presolve time = 240s) ...
Presolve removed 92296 rows and 49885 columns (presolve time = 245s) ...
Presolve removed 92296 rows and 49885 columns (presolve time = 250s) ...
Presolve removed 92296 rows and 49885 columns (presolve time = 255s) ...
Presolve removed 92296 rows and 49885 columns (presolve time = 260s) ...
Presolve removed 92296 rows and 49885 columns (presolve time = 265s) ...
Presolve removed 92296 rows and 49885 columns (presolve time = 270s) ...
Presolve removed 92296 rows and 49885 columns (presolve time = 275s) ...
Presolve removed 92296 rows and 49885 columns (presolve time = 280s) ...
Presolve removed 92296 rows and 49885 columns (presolve time = 285s) ...
Presolve removed 92296 rows and 49885 columns (presolve time = 290s) ...
Presolve removed 92296 rows and 49885 columns (presolve time = 295s) ...
Presolve removed 92296 rows and 49885 columns (presolve time = 300s) ...
Presolve removed 92296 rows and 49885 columns (presolve time = 305s) ...
Presolve removed 92296 rows and 49885 columns (presolve time = 310s) ...
Presolve removed 92296 rows and 49885 columns (presolve time = 315s) ...
Presolve removed 92296 rows and 49885 columns (presolve time = 320s) ...
Presolve removed 92296 rows and 49885 columns (presolve time = 325s) ...
Presolve removed 92296 rows and 50025 columns (presolve time = 356s) ...
Presolve removed 92296 rows and 50376 columns (presolve time = 368s) ...
Presolve removed 92296 rows and 50584 columns (presolve time = 378s) ...
Presolve removed 95961 rows and 51131 columns (presolve time = 381s) ...
Presolve removed 95961 rows and 51200 columns (presolve time = 386s) ...
Presolve removed 95961 rows and 51201 columns (presolve time = 396s) ...
Presolve removed 119795 rows and 51211 columns (presolve time = 402s) ...
Presolve removed 119795 rows and 51211 columns (presolve time = 405s) ...
Presolve removed 120541 rows and 51957 columns (presolve time = 410s) ...
Presolve removed 120550 rows and 51957 columns (presolve time = 415s) ...
Presolve removed 120563 rows and 51957 columns (presolve time = 420s) ...
Presolve removed 120563 rows and 51957 columns (presolve time = 425s) ...
Presolve removed 120563 rows and 51957 columns (presolve time = 430s) ...
Presolve removed 120563 rows and 51957 columns (presolve time = 435s) ...
Presolve removed 120563 rows and 51957 columns (presolve time = 440s) ...
Presolve removed 120563 rows and 51957 columns (presolve time = 445s) ...
Presolve removed 120563 rows and 51957 columns (presolve time = 450s) ...
Presolve removed 120563 rows and 51957 columns (presolve time = 455s) ...
Presolve removed 120563 rows and 51957 columns (presolve time = 460s) ...
Presolve removed 122106 rows and 53199 columns (presolve time = 465s) ...
Presolve removed 122106 rows and 53199 columns (presolve time = 470s) ...
Presolve removed 122119 rows and 53212 columns (presolve time = 475s) ...
Presolve removed 122119 rows and 53212 columns (presolve time = 480s) ...
Presolve removed 122119 rows and 53212 columns (presolve time = 485s) ...
Presolve removed 122119 rows and 53212 columns (presolve time = 490s) ...
Presolve removed 122119 rows and 53212 columns (presolve time = 495s) ...
Presolve removed 122119 rows and 53212 columns (presolve time = 500s) ...
Presolve removed 122119 rows and 53212 columns (presolve time = 505s) ...
Presolve removed 122119 rows and 53212 columns (presolve time = 510s) ...
Presolve removed 122119 rows and 53212 columns (presolve time = 515s) ...
Presolve removed 122119 rows and 53212 columns (presolve time = 520s) ...
Presolve removed 122119 rows and 53212 columns (presolve time = 525s) ...
Presolve removed 127195 rows and 53213 columns (presolve time = 536s) ...
Presolve removed 127195 rows and 53214 columns (presolve time = 548s) ...
Presolve removed 128223 rows and 54241 columns (presolve time = 551s) ...
Presolve removed 128223 rows and 54241 columns (presolve time = 555s) ...
Presolve removed 128600 rows and 54617 columns (presolve time = 562s) ...
Presolve removed 128600 rows and 54617 columns (presolve time = 565s) ...
Presolve removed 128600 rows and 54617 columns (presolve time = 570s) ...
Presolve removed 128600 rows and 54617 columns (presolve time = 575s) ...
Presolve removed 128600 rows and 54617 columns (presolve time = 580s) ...
Presolve removed 128600 rows and 54617 columns (presolve time = 585s) ...
Presolve removed 128600 rows and 54617 columns (presolve time = 590s) ...
Presolve removed 128600 rows and 54617 columns (presolve time = 595s) ...
Presolve removed 128600 rows and 54617 columns (presolve time = 600s) ...
Presolve removed 128600 rows and 54617 columns (presolve time = 605s) ...
Presolve removed 128600 rows and 54617 columns (presolve time = 612s) ...
Presolve removed 128600 rows and 54617 columns (presolve time = 615s) ...
Presolve removed 128600 rows and 54617 columns (presolve time = 622s) ...
Presolve removed 128600 rows and 54617 columns (presolve time = 625s) ...
Presolve removed 128600 rows and 54617 columns (presolve time = 630s) ...
Presolve removed 128600 rows and 54617 columns (presolve time = 635s) ...
Presolve removed 128600 rows and 54617 columns (presolve time = 640s) ...
Presolve removed 128600 rows and 54617 columns (presolve time = 645s) ...
Presolve removed 128600 rows and 54617 columns (presolve time = 650s) ...
Presolve removed 128600 rows and 54617 columns (presolve time = 655s) ...
Presolve removed 128600 rows and 54617 columns (presolve time = 660s) ...
Presolve removed 128600 rows and 54617 columns (presolve time = 665s) ...
Presolve removed 128600 rows and 54617 columns (presolve time = 675s) ...
Presolve removed 120763 rows and 46789 columns
Presolve time: 675.49s
Presolved: 290374 rows, 189378 columns, 19431715 nonzeros
Variable types: 0 continuous, 189378 integer (184562 binary)

Deterministic concurrent LP optimizer: primal simplex, dual simplex, and barrier
Showing barrier log only...

Warning: Concurrent optimizer requires crossover - forcing it on
Presolve removed 0 rows and 0 columns (presolve time = 5s) ...
Presolve removed 0 rows and 0 columns (presolve time = 10s) ...
Presolve removed 0 rows and 0 columns (presolve time = 15s) ...
Presolve removed 0 rows and 0 columns (presolve time = 20s) ...
Presolve removed 0 rows and 0 columns (presolve time = 25s) ...
Presolve removed 0 rows and 0 columns (presolve time = 30s) ...
Presolve removed 0 rows and 0 columns (presolve time = 35s) ...
Presolve removed 0 rows and 0 columns (presolve time = 40s) ...
Presolve removed 0 rows and 0 columns (presolve time = 45s) ...
Presolve removed 0 rows and 0 columns (presolve time = 50s) ...
Presolve removed 26 rows and 0 columns (presolve time = 55s) ...
Presolve removed 26 rows and 0 columns (presolve time = 60s) ...
Presolve removed 26 rows and 0 columns (presolve time = 65s) ...
Presolve removed 26 rows and 0 columns (presolve time = 70s) ...
Presolve removed 26 rows and 0 columns (presolve time = 75s) ...
Presolve removed 26 rows and 0 columns (presolve time = 80s) ...
Presolve removed 26 rows and 0 columns (presolve time = 85s) ...
Presolve removed 26 rows and 0 columns (presolve time = 90s) ...
Presolve removed 26 rows and 0 columns (presolve time = 95s) ...
Presolve removed 26 rows and 0 columns (presolve time = 100s) ...
Presolve removed 26 rows and 0 columns
Presolved: 185536 rows, 98580 columns, 18390593 nonzeros

Root barrier log...

Elapsed ordering time = 5s
Elapsed ordering time = 13s
Elapsed ordering time = 15s
Elapsed ordering time = 20s
Elapsed ordering time = 25s
Elapsed ordering time = 30s
Elapsed ordering time = 35s
Elapsed ordering time = 40s
Ordering time: 43.51s

Barrier statistics:
 AA' NZ     : 1.045e+08
 Factor NZ  : 2.058e+08 (roughly 1.8 GBytes of memory)
 Factor Ops : 2.808e+11 (roughly 1 second per iteration)
 Threads    : 29

                  Objective                Residual
Iter       Primal          Dual         Primal    Dual     Compl     Time
   0  -3.68311187e+05 -2.84738713e+04  1.34e+03 7.16e-01  8.36e+00  1452s
   1  -1.98125972e+05 -3.25621693e+04  7.29e+02 2.56e+00  4.20e+00  1453s
   2  -9.94686782e+04 -2.71476637e+04  3.74e+02 9.01e-01  1.89e+00  1455s
   3  -4.44041822e+04 -2.28614313e+04  1.71e+02 3.48e-01  8.51e-01  1456s
   4  -1.61249923e+04 -1.79761811e+04  6.09e+01 7.68e-02  2.98e-01  1458s
   5  -6.01414168e+03 -1.21947391e+04  2.27e+01 4.85e-03  1.02e-01  1459s
   6  -1.48603031e+03 -6.70907492e+03  5.92e+00 7.90e-04  3.18e-02  1461s
   7  -6.63651905e+02 -3.78712594e+03  2.88e+00 2.80e-04  1.48e-02  1462s
   8  -3.89028921e+02 -1.89058330e+03  1.85e+00 6.68e-05  6.93e-03  1463s
   9  -1.70850406e+02 -9.34916124e+02  1.01e+00 1.10e-08  3.27e-03  1464s
  10  -1.05030648e+02 -4.75597676e+02  7.48e-01 2.06e-14  1.76e-03  1466s
  11   2.90941041e+01 -3.38315439e+02  2.09e-01 1.02e-14  1.19e-03  1467s
  12   5.66640851e+01 -4.10374639e+01  8.92e-02 3.77e-15  3.37e-04  1468s
  13   6.51430272e+01  1.11194385e+01  4.64e-02 2.66e-15  1.83e-04  1470s
  14   6.89805132e+01  4.53476212e+01  2.45e-02 4.66e-15  8.29e-05  1471s
  15   7.02626897e+01  5.79725322e+01  1.61e-02 3.77e-15  4.57e-05  1472s
  16   7.12681478e+01  6.60765307e+01  9.93e-03 1.11e-15  2.17e-05  1474s
  17   7.14962370e+01  6.68831578e+01  8.58e-03 1.12e-15  1.91e-05  1475s
  18   7.17455511e+01  6.96641758e+01  7.09e-03 1.33e-15  1.11e-05  1476s
  19   7.21661543e+01  7.09184443e+01  4.58e-03 1.78e-15  6.90e-06  1478s
  20   7.24281342e+01  7.16919377e+01  3.12e-03 1.33e-15  4.39e-06  1479s
  21   7.25917457e+01  7.21792255e+01  2.23e-03 1.33e-15  2.83e-06  1480s
  22   7.26353063e+01  7.22549159e+01  2.00e-03 1.33e-15  2.56e-06  1481s
  23   7.26959709e+01  7.22912269e+01  1.65e-03 1.33e-15  2.36e-06  1483s
  24   7.27154251e+01  7.24949865e+01  1.55e-03 3.11e-15  1.79e-06  1484s
  25   7.27357793e+01  7.26366131e+01  1.44e-03 1.55e-15  1.38e-06  1485s
  26   7.28321405e+01  7.26696999e+01  9.14e-04 3.11e-15  1.14e-06  1487s
  27   7.28929652e+01  7.28087811e+01  5.84e-04 1.55e-15  6.77e-07  1488s
  28   7.29205207e+01  7.29026387e+01  4.42e-04 2.66e-15  3.89e-07  1489s
  29   7.29228675e+01  7.29127849e+01  4.29e-04 3.11e-15  3.58e-07  1491s
  30   7.29499701e+01  7.29635856e+01  2.89e-04 8.88e-16  1.86e-07  1492s
  31   7.29566555e+01  7.29704327e+01  2.54e-04 2.44e-15  1.58e-07  1493s
  32   7.29666875e+01  7.29810010e+01  2.04e-04 4.98e-16  1.18e-07  1495s
  33   7.29726560e+01  7.29854666e+01  1.73e-04 1.78e-15  9.87e-08  1496s
  34   7.29921553e+01  7.29967875e+01  7.42e-05 1.33e-15  4.47e-08  1498s
  35   7.29986934e+01  7.30029492e+01  4.08e-05 1.55e-15  2.00e-08  1499s
  36   7.30003071e+01  7.30049232e+01  3.25e-05 8.88e-16  1.26e-08  1501s
  37   7.30046640e+01  7.30055623e+01  1.03e-05 1.55e-15  5.51e-09  1502s
  38   7.30063776e+01  7.30064983e+01  1.54e-06 2.66e-15  8.64e-10  1503s
  39   7.30066751e+01  7.30066717e+01  2.00e-09 4.26e-14  1.07e-11  1505s

Barrier solved model in 39 iterations and 1504.77 seconds
Optimal objective 7.30066751e+01


Root crossover log...

    2637 DPushes remaining with DInf 0.0000000e+00              1506s
       0 DPushes remaining with DInf 0.0000000e+00              1506s

   83118 PPushes remaining with PInf 0.0000000e+00              1506s
   21468 PPushes remaining with PInf 0.0000000e+00              1510s
   10945 PPushes remaining with PInf 0.0000000e+00              1516s
    6956 PPushes remaining with PInf 0.0000000e+00              1520s
    3177 PPushes remaining with PInf 0.0000000e+00              1526s
    1637 PPushes remaining with PInf 0.0000000e+00              1530s
     183 PPushes remaining with PInf 0.0000000e+00              1536s
       0 PPushes remaining with PInf 0.0000000e+00              1537s

  Push phase complete: Pinf 0.0000000e+00, Dinf 1.9148620e-10   1537s


Root simplex log...

Iteration    Objective       Primal Inf.    Dual Inf.      Time
   83652    7.3006675e+01   0.000000e+00   0.000000e+00   1537s
   83652    7.3006675e+01   0.000000e+00   0.000000e+00   1538s
Concurrent spin time: 0.14s

Solved with barrier

Root relaxation: objective 7.300668e+01, 83652 iterations, 260.04 seconds
Total elapsed time = 1539.94s

    Nodes    |    Current Node    |     Objective Bounds      |     Work
 Expl Unexpl |  Obj  Depth IntInf | Incumbent    BestBd   Gap | It/Node Time

     0     0   73.00668    0 10707          -   73.00668      -     - 3135s
H    0     0                     497.0000000   73.00668  85.3%     - 3147s

Explored 1 nodes (164613 simplex iterations) in 3148.60 seconds
Thread count was 32 (of 48 available processors)

Solution count 1: 497 

Optimal solution found (tolerance 9.90e-01)
Best objective 4.970000000000e+02, best bound 7.400000000000e+01, gap 85.1107%
Optimization completed with status: 2
Solution found!

Model status is not infeasible. No need to relax anything.

Optimization was successful. Saving results...
Results saved to ILPimplementation/output_files/x_ld_results.csv with 133 entries.
Results saved to ILPimplementation/output_files/y_vjt_results.csv with 136080 entries.
Results saved to ILPimplementation/output_files/Q_vt_results.csv with 1944 entries.
Results saved to ILPimplementation/output_files/z_wj_results.csv with 178 entries.
Results saved to ILPimplementation/output_files/Z_lwt_results.csv with 4176 entries.
Results saved to ILPimplementation/output_files/Z_prime_lwt_results.csv with 4176 entries.
